{"/Users/muhammadafzal/Downloads/SIde Projects/card2sheet/bizcard_proxy/functions/lib/parser.js": {"path":"/Users/muhammadafzal/Downloads/SIde Projects/card2sheet/bizcard_proxy/functions/lib/parser.js","statementMap":{"0":{"start":{"line":2,"column":25},"end":{"line":2,"column":105}},"1":{"start":{"line":3,"column":29},"end":{"line":3,"column":115}},"2":{"start":{"line":4,"column":32},"end":{"line":4,"column":124}},"3":{"start":{"line":5,"column":22},"end":{"line":5,"column":94}},"4":{"start":{"line":6,"column":26},"end":{"line":6,"column":47}},"5":{"start":{"line":9,"column":2},"end":{"line":9,"column":49}},"6":{"start":{"line":9,"column":39},"end":{"line":9,"column":49}},"7":{"start":{"line":10,"column":18},"end":{"line":10,"column":83}},"8":{"start":{"line":11,"column":2},"end":{"line":11,"column":17}},"9":{"start":{"line":15,"column":2},"end":{"line":15,"column":63}},"10":{"start":{"line":15,"column":41},"end":{"line":15,"column":63}},"11":{"start":{"line":16,"column":15},"end":{"line":16,"column":38}},"12":{"start":{"line":17,"column":2},"end":{"line":17,"column":60}},"13":{"start":{"line":17,"column":35},"end":{"line":17,"column":60}},"14":{"start":{"line":19,"column":14},"end":{"line":19,"column":27}},"15":{"start":{"line":20,"column":2},"end":{"line":20,"column":65}},"16":{"start":{"line":20,"column":39},"end":{"line":20,"column":65}},"17":{"start":{"line":21,"column":2},"end":{"line":21,"column":64}},"18":{"start":{"line":21,"column":37},"end":{"line":21,"column":64}},"19":{"start":{"line":23,"column":2},"end":{"line":25,"column":3}},"20":{"start":{"line":24,"column":4},"end":{"line":24,"column":67}},"21":{"start":{"line":24,"column":38},"end":{"line":24,"column":67}},"22":{"start":{"line":27,"column":2},"end":{"line":35,"column":3}},"23":{"start":{"line":28,"column":4},"end":{"line":28,"column":72}},"24":{"start":{"line":28,"column":39},"end":{"line":28,"column":72}},"25":{"start":{"line":29,"column":4},"end":{"line":29,"column":88}},"26":{"start":{"line":29,"column":53},"end":{"line":29,"column":88}},"27":{"start":{"line":30,"column":4},"end":{"line":34,"column":5}},"28":{"start":{"line":31,"column":6},"end":{"line":31,"column":71}},"29":{"start":{"line":31,"column":33},"end":{"line":31,"column":71}},"30":{"start":{"line":32,"column":6},"end":{"line":32,"column":96}},"31":{"start":{"line":32,"column":64},"end":{"line":32,"column":96}},"32":{"start":{"line":33,"column":6},"end":{"line":33,"column":77}},"33":{"start":{"line":33,"column":38},"end":{"line":33,"column":77}},"34":{"start":{"line":37,"column":2},"end":{"line":37,"column":14}},"35":{"start":{"line":41,"column":2},"end":{"line":41,"column":44}},"36":{"start":{"line":41,"column":35},"end":{"line":41,"column":44}},"37":{"start":{"line":42,"column":2},"end":{"line":42,"column":46}},"38":{"start":{"line":46,"column":2},"end":{"line":46,"column":25}},"39":{"start":{"line":46,"column":13},"end":{"line":46,"column":25}},"40":{"start":{"line":47,"column":16},"end":{"line":47,"column":33}},"41":{"start":{"line":48,"column":14},"end":{"line":48,"column":35}},"42":{"start":{"line":49,"column":2},"end":{"line":56,"column":3}},"43":{"start":{"line":50,"column":23},"end":{"line":50,"column":53}},"44":{"start":{"line":51,"column":4},"end":{"line":55,"column":5}},"45":{"start":{"line":52,"column":6},"end":{"line":52,"column":36}},"46":{"start":{"line":54,"column":6},"end":{"line":54,"column":18}},"47":{"start":{"line":57,"column":2},"end":{"line":57,"column":14}},"48":{"start":{"line":60,"column":0},"end":{"line":65,"column":2}}},"fnMap":{"0":{"name":"sanitizeRawText","decl":{"start":{"line":8,"column":9},"end":{"line":8,"column":24}},"loc":{"start":{"line":8,"column":30},"end":{"line":12,"column":1}},"line":8},"1":{"name":"validateRequest","decl":{"start":{"line":14,"column":9},"end":{"line":14,"column":24}},"loc":{"start":{"line":14,"column":31},"end":{"line":38,"column":1}},"line":14},"2":{"name":"estimateTokensFromText","decl":{"start":{"line":40,"column":9},"end":{"line":40,"column":31}},"loc":{"start":{"line":40,"column":35},"end":{"line":43,"column":1}},"line":40},"3":{"name":"extractJsonFromText","decl":{"start":{"line":45,"column":9},"end":{"line":45,"column":28}},"loc":{"start":{"line":45,"column":35},"end":{"line":58,"column":1}},"line":45}},"branchMap":{"0":{"loc":{"start":{"line":2,"column":25},"end":{"line":2,"column":105}},"type":"cond-expr","locations":[{"start":{"line":2,"column":56},"end":{"line":2,"column":98}},{"start":{"line":2,"column":101},"end":{"line":2,"column":105}}],"line":2},"1":{"loc":{"start":{"line":3,"column":29},"end":{"line":3,"column":115}},"type":"cond-expr","locations":[{"start":{"line":3,"column":64},"end":{"line":3,"column":110}},{"start":{"line":3,"column":113},"end":{"line":3,"column":115}}],"line":3},"2":{"loc":{"start":{"line":4,"column":32},"end":{"line":4,"column":124}},"type":"cond-expr","locations":[{"start":{"line":4,"column":70},"end":{"line":4,"column":119}},{"start":{"line":4,"column":122},"end":{"line":4,"column":124}}],"line":4},"3":{"loc":{"start":{"line":5,"column":22},"end":{"line":5,"column":94}},"type":"cond-expr","locations":[{"start":{"line":5,"column":50},"end":{"line":5,"column":89}},{"start":{"line":5,"column":92},"end":{"line":5,"column":94}}],"line":5},"4":{"loc":{"start":{"line":9,"column":2},"end":{"line":9,"column":49}},"type":"if","locations":[{"start":{"line":9,"column":2},"end":{"line":9,"column":49}},{"start":{},"end":{}}],"line":9},"5":{"loc":{"start":{"line":9,"column":6},"end":{"line":9,"column":37}},"type":"binary-expr","locations":[{"start":{"line":9,"column":6},"end":{"line":9,"column":10}},{"start":{"line":9,"column":14},"end":{"line":9,"column":37}}],"line":9},"6":{"loc":{"start":{"line":15,"column":2},"end":{"line":15,"column":63}},"type":"if","locations":[{"start":{"line":15,"column":2},"end":{"line":15,"column":63}},{"start":{},"end":{}}],"line":15},"7":{"loc":{"start":{"line":15,"column":6},"end":{"line":15,"column":39}},"type":"binary-expr","locations":[{"start":{"line":15,"column":6},"end":{"line":15,"column":11}},{"start":{"line":15,"column":15},"end":{"line":15,"column":39}}],"line":15},"8":{"loc":{"start":{"line":16,"column":27},"end":{"line":16,"column":37}},"type":"binary-expr","locations":[{"start":{"line":16,"column":27},"end":{"line":16,"column":31}},{"start":{"line":16,"column":35},"end":{"line":16,"column":37}}],"line":16},"9":{"loc":{"start":{"line":17,"column":2},"end":{"line":17,"column":60}},"type":"if","locations":[{"start":{"line":17,"column":2},"end":{"line":17,"column":60}},{"start":{},"end":{}}],"line":17},"10":{"loc":{"start":{"line":20,"column":2},"end":{"line":20,"column":65}},"type":"if","locations":[{"start":{"line":20,"column":2},"end":{"line":20,"column":65}},{"start":{},"end":{}}],"line":20},"11":{"loc":{"start":{"line":20,"column":6},"end":{"line":20,"column":37}},"type":"binary-expr","locations":[{"start":{"line":20,"column":6},"end":{"line":20,"column":10}},{"start":{"line":20,"column":14},"end":{"line":20,"column":37}}],"line":20},"12":{"loc":{"start":{"line":21,"column":2},"end":{"line":21,"column":64}},"type":"if","locations":[{"start":{"line":21,"column":2},"end":{"line":21,"column":64}},{"start":{},"end":{}}],"line":21},"13":{"loc":{"start":{"line":23,"column":2},"end":{"line":25,"column":3}},"type":"if","locations":[{"start":{"line":23,"column":2},"end":{"line":25,"column":3}},{"start":{},"end":{}}],"line":23},"14":{"loc":{"start":{"line":23,"column":6},"end":{"line":23,"column":60}},"type":"binary-expr","locations":[{"start":{"line":23,"column":6},"end":{"line":23,"column":21}},{"start":{"line":23,"column":25},"end":{"line":23,"column":60}}],"line":23},"15":{"loc":{"start":{"line":24,"column":4},"end":{"line":24,"column":67}},"type":"if","locations":[{"start":{"line":24,"column":4},"end":{"line":24,"column":67}},{"start":{},"end":{}}],"line":24},"16":{"loc":{"start":{"line":27,"column":2},"end":{"line":35,"column":3}},"type":"if","locations":[{"start":{"line":27,"column":2},"end":{"line":35,"column":3}},{"start":{},"end":{}}],"line":27},"17":{"loc":{"start":{"line":28,"column":4},"end":{"line":28,"column":72}},"type":"if","locations":[{"start":{"line":28,"column":4},"end":{"line":28,"column":72}},{"start":{},"end":{}}],"line":28},"18":{"loc":{"start":{"line":29,"column":4},"end":{"line":29,"column":88}},"type":"if","locations":[{"start":{"line":29,"column":4},"end":{"line":29,"column":88}},{"start":{},"end":{}}],"line":29},"19":{"loc":{"start":{"line":31,"column":6},"end":{"line":31,"column":71}},"type":"if","locations":[{"start":{"line":31,"column":6},"end":{"line":31,"column":71}},{"start":{},"end":{}}],"line":31},"20":{"loc":{"start":{"line":32,"column":6},"end":{"line":32,"column":96}},"type":"if","locations":[{"start":{"line":32,"column":6},"end":{"line":32,"column":96}},{"start":{},"end":{}}],"line":32},"21":{"loc":{"start":{"line":32,"column":10},"end":{"line":32,"column":62}},"type":"binary-expr","locations":[{"start":{"line":32,"column":10},"end":{"line":32,"column":24}},{"start":{"line":32,"column":28},"end":{"line":32,"column":62}}],"line":32},"22":{"loc":{"start":{"line":33,"column":6},"end":{"line":33,"column":77}},"type":"if","locations":[{"start":{"line":33,"column":6},"end":{"line":33,"column":77}},{"start":{},"end":{}}],"line":33},"23":{"loc":{"start":{"line":41,"column":2},"end":{"line":41,"column":44}},"type":"if","locations":[{"start":{"line":41,"column":2},"end":{"line":41,"column":44}},{"start":{},"end":{}}],"line":41},"24":{"loc":{"start":{"line":41,"column":6},"end":{"line":41,"column":33}},"type":"binary-expr","locations":[{"start":{"line":41,"column":6},"end":{"line":41,"column":8}},{"start":{"line":41,"column":12},"end":{"line":41,"column":33}}],"line":41},"25":{"loc":{"start":{"line":46,"column":2},"end":{"line":46,"column":25}},"type":"if","locations":[{"start":{"line":46,"column":2},"end":{"line":46,"column":25}},{"start":{},"end":{}}],"line":46},"26":{"loc":{"start":{"line":49,"column":2},"end":{"line":56,"column":3}},"type":"if","locations":[{"start":{"line":49,"column":2},"end":{"line":56,"column":3}},{"start":{},"end":{}}],"line":49},"27":{"loc":{"start":{"line":49,"column":6},"end":{"line":49,"column":47}},"type":"binary-expr","locations":[{"start":{"line":49,"column":6},"end":{"line":49,"column":18}},{"start":{"line":49,"column":22},"end":{"line":49,"column":32}},{"start":{"line":49,"column":36},"end":{"line":49,"column":47}}],"line":49}},"s":{"0":1,"1":1,"2":1,"3":1,"4":1,"5":1,"6":0,"7":1,"8":1,"9":4,"10":1,"11":3,"12":3,"13":0,"14":3,"15":3,"16":1,"17":2,"18":0,"19":2,"20":0,"21":0,"22":2,"23":2,"24":0,"25":2,"26":1,"27":1,"28":2,"29":0,"30":2,"31":0,"32":2,"33":1,"34":0,"35":3,"36":1,"37":2,"38":2,"39":0,"40":2,"41":2,"42":2,"43":2,"44":2,"45":2,"46":1,"47":0,"48":1},"f":{"0":1,"1":4,"2":3,"3":2},"b":{"0":[0,1],"1":[0,1],"2":[0,1],"3":[0,1],"4":[0,1],"5":[1,1],"6":[1,3],"7":[4,3],"8":[3,0],"9":[0,3],"10":[1,2],"11":[3,2],"12":[0,2],"13":[0,2],"14":[2,0],"15":[0,0],"16":[2,0],"17":[0,2],"18":[1,1],"19":[0,2],"20":[0,2],"21":[2,2],"22":[1,1],"23":[1,2],"24":[3,2],"25":[0,2],"26":[2,0],"27":[2,2,2]},"_coverageSchema":"1a1c01bbd47fc00a2c39e90264f33305004495a9","hash":"92e996a17137f92742acec5f250b90b1d5f00feb"}
}
