{"/Users/muhammadafzal/Downloads/SIde Projects/card2sheet/bizcard_proxy/functions/index.js": {"path":"/Users/muhammadafzal/Downloads/SIde Projects/card2sheet/bizcard_proxy/functions/index.js","statementMap":{"0":{"start":{"line":2,"column":0},"end":{"line":7,"column":1}},"1":{"start":{"line":4,"column":2},"end":{"line":4,"column":29}},"2":{"start":{"line":9,"column":16},"end":{"line":9,"column":34}},"3":{"start":{"line":10,"column":13},"end":{"line":10,"column":28}},"4":{"start":{"line":11,"column":15},"end":{"line":11,"column":32}},"5":{"start":{"line":12,"column":15},"end":{"line":12,"column":32}},"6":{"start":{"line":14,"column":12},"end":{"line":14,"column":21}},"7":{"start":{"line":15,"column":0},"end":{"line":15,"column":18}},"8":{"start":{"line":19,"column":24},"end":{"line":19,"column":146}},"9":{"start":{"line":19,"column":114},"end":{"line":19,"column":122}},"10":{"start":{"line":20,"column":0},"end":{"line":28,"column":4}},"11":{"start":{"line":23,"column":4},"end":{"line":23,"column":45}},"12":{"start":{"line":23,"column":17},"end":{"line":23,"column":45}},"13":{"start":{"line":24,"column":4},"end":{"line":24,"column":54}},"14":{"start":{"line":24,"column":26},"end":{"line":24,"column":54}},"15":{"start":{"line":25,"column":4},"end":{"line":25,"column":76}},"16":{"start":{"line":25,"column":48},"end":{"line":25,"column":76}},"17":{"start":{"line":26,"column":4},"end":{"line":26,"column":73}},"18":{"start":{"line":31,"column":0},"end":{"line":31,"column":135}},"19":{"start":{"line":31,"column":68},"end":{"line":31,"column":128}},"20":{"start":{"line":34,"column":13},"end":{"line":34,"column":17}},"21":{"start":{"line":35,"column":0},"end":{"line":46,"column":1}},"22":{"start":{"line":36,"column":2},"end":{"line":45,"column":3}},"23":{"start":{"line":37,"column":4},"end":{"line":37,"column":37}},"24":{"start":{"line":38,"column":4},"end":{"line":38,"column":49}},"25":{"start":{"line":39,"column":4},"end":{"line":39,"column":38}},"26":{"start":{"line":41,"column":4},"end":{"line":41,"column":46}},"27":{"start":{"line":43,"column":4},"end":{"line":43,"column":56}},"28":{"start":{"line":44,"column":4},"end":{"line":44,"column":18}},"29":{"start":{"line":48,"column":0},"end":{"line":56,"column":3}},"30":{"start":{"line":49,"column":16},"end":{"line":49,"column":26}},"31":{"start":{"line":50,"column":2},"end":{"line":54,"column":5}},"32":{"start":{"line":51,"column":4},"end":{"line":53,"column":30}},"33":{"start":{"line":52,"column":6},"end":{"line":52,"column":79}},"34":{"start":{"line":55,"column":2},"end":{"line":55,"column":9}},"35":{"start":{"line":59,"column":20},"end":{"line":59,"column":24}},"36":{"start":{"line":60,"column":0},"end":{"line":65,"column":1}},"37":{"start":{"line":61,"column":20},"end":{"line":61,"column":52}},"38":{"start":{"line":62,"column":2},"end":{"line":62,"column":32}},"39":{"start":{"line":64,"column":2},"end":{"line":64,"column":23}},"40":{"start":{"line":68,"column":19},"end":{"line":68,"column":51}},"41":{"start":{"line":69,"column":2},"end":{"line":77,"column":3}},"42":{"start":{"line":70,"column":4},"end":{"line":76,"column":5}},"43":{"start":{"line":71,"column":18},"end":{"line":71,"column":52}},"44":{"start":{"line":72,"column":20},"end":{"line":72,"column":73}},"45":{"start":{"line":73,"column":6},"end":{"line":73,"column":87}},"46":{"start":{"line":73,"column":38},"end":{"line":73,"column":85}},"47":{"start":{"line":75,"column":6},"end":{"line":75,"column":58}},"48":{"start":{"line":79,"column":2},"end":{"line":81,"column":34}},"49":{"start":{"line":79,"column":24},"end":{"line":79,"column":52}},"50":{"start":{"line":80,"column":7},"end":{"line":81,"column":34}},"51":{"start":{"line":80,"column":30},"end":{"line":80,"column":59}},"52":{"start":{"line":81,"column":7},"end":{"line":81,"column":34}},"53":{"start":{"line":85,"column":12},"end":{"line":85,"column":16}},"54":{"start":{"line":86,"column":0},"end":{"line":118,"column":1}},"55":{"start":{"line":87,"column":2},"end":{"line":87,"column":36}},"56":{"start":{"line":89,"column":2},"end":{"line":114,"column":3}},"57":{"start":{"line":90,"column":4},"end":{"line":113,"column":5}},"58":{"start":{"line":92,"column":6},"end":{"line":109,"column":7}},"59":{"start":{"line":93,"column":8},"end":{"line":100,"column":9}},"60":{"start":{"line":94,"column":21},"end":{"line":94,"column":74}},"61":{"start":{"line":95,"column":10},"end":{"line":95,"column":73}},"62":{"start":{"line":96,"column":10},"end":{"line":96,"column":87}},"63":{"start":{"line":98,"column":10},"end":{"line":98,"column":118}},"64":{"start":{"line":99,"column":10},"end":{"line":99,"column":32}},"65":{"start":{"line":101,"column":13},"end":{"line":109,"column":7}},"66":{"start":{"line":103,"column":8},"end":{"line":103,"column":30}},"67":{"start":{"line":104,"column":8},"end":{"line":104,"column":87}},"68":{"start":{"line":107,"column":8},"end":{"line":107,"column":30}},"69":{"start":{"line":108,"column":8},"end":{"line":108,"column":93}},"70":{"start":{"line":112,"column":6},"end":{"line":112,"column":77}},"71":{"start":{"line":117,"column":2},"end":{"line":117,"column":15}},"72":{"start":{"line":120,"column":12},"end":{"line":120,"column":16}},"73":{"start":{"line":121,"column":18},"end":{"line":121,"column":22}},"74":{"start":{"line":122,"column":18},"end":{"line":122,"column":47}},"75":{"start":{"line":123,"column":0},"end":{"line":131,"column":1}},"76":{"start":{"line":124,"column":2},"end":{"line":130,"column":3}},"77":{"start":{"line":125,"column":4},"end":{"line":125,"column":31}},"78":{"start":{"line":126,"column":4},"end":{"line":126,"column":39}},"79":{"start":{"line":128,"column":4},"end":{"line":128,"column":80}},"80":{"start":{"line":129,"column":4},"end":{"line":129,"column":23}},"81":{"start":{"line":133,"column":0},"end":{"line":133,"column":30}},"82":{"start":{"line":136,"column":26},"end":{"line":136,"column":30}},"83":{"start":{"line":137,"column":22},"end":{"line":137,"column":26}},"84":{"start":{"line":138,"column":28},"end":{"line":138,"column":66}},"85":{"start":{"line":139,"column":0},"end":{"line":146,"column":1}},"86":{"start":{"line":140,"column":2},"end":{"line":143,"column":3}},"87":{"start":{"line":141,"column":41},"end":{"line":141,"column":80}},"88":{"start":{"line":142,"column":4},"end":{"line":142,"column":59}},"89":{"start":{"line":145,"column":2},"end":{"line":145,"column":29}},"90":{"start":{"line":149,"column":2},"end":{"line":149,"column":46}},"91":{"start":{"line":149,"column":23},"end":{"line":149,"column":46}},"92":{"start":{"line":151,"column":2},"end":{"line":162,"column":3}},"93":{"start":{"line":152,"column":4},"end":{"line":161,"column":5}},"94":{"start":{"line":153,"column":31},"end":{"line":153,"column":107}},"95":{"start":{"line":154,"column":22},"end":{"line":154,"column":129}},"96":{"start":{"line":155,"column":6},"end":{"line":158,"column":7}},"97":{"start":{"line":156,"column":8},"end":{"line":156,"column":41}},"98":{"start":{"line":157,"column":8},"end":{"line":157,"column":31}},"99":{"start":{"line":160,"column":6},"end":{"line":160,"column":92}},"100":{"start":{"line":165,"column":17},"end":{"line":165,"column":51}},"101":{"start":{"line":166,"column":2},"end":{"line":169,"column":3}},"102":{"start":{"line":167,"column":4},"end":{"line":167,"column":29}},"103":{"start":{"line":168,"column":4},"end":{"line":168,"column":27}},"104":{"start":{"line":170,"column":2},"end":{"line":170,"column":14}},"105":{"start":{"line":174,"column":27},"end":{"line":174,"column":108}},"106":{"start":{"line":175,"column":25},"end":{"line":175,"column":104}},"107":{"start":{"line":176,"column":21},"end":{"line":176,"column":93}},"108":{"start":{"line":179,"column":2},"end":{"line":179,"column":59}},"109":{"start":{"line":179,"column":34},"end":{"line":179,"column":57}},"110":{"start":{"line":183,"column":16},"end":{"line":183,"column":17}},"111":{"start":{"line":184,"column":14},"end":{"line":184,"column":30}},"112":{"start":{"line":185,"column":2},"end":{"line":212,"column":3}},"113":{"start":{"line":186,"column":4},"end":{"line":186,"column":17}},"114":{"start":{"line":187,"column":4},"end":{"line":211,"column":5}},"115":{"start":{"line":188,"column":19},"end":{"line":188,"column":44}},"116":{"start":{"line":190,"column":6},"end":{"line":200,"column":7}},"117":{"start":{"line":191,"column":21},"end":{"line":191,"column":54}},"118":{"start":{"line":191,"column":51},"end":{"line":191,"column":53}},"119":{"start":{"line":192,"column":8},"end":{"line":192,"column":116}},"120":{"start":{"line":193,"column":8},"end":{"line":193,"column":48}},"121":{"start":{"line":193,"column":36},"end":{"line":193,"column":48}},"122":{"start":{"line":195,"column":23},"end":{"line":195,"column":54}},"123":{"start":{"line":196,"column":21},"end":{"line":196,"column":59}},"124":{"start":{"line":197,"column":8},"end":{"line":197,"column":26}},"125":{"start":{"line":198,"column":8},"end":{"line":198,"column":50}},"126":{"start":{"line":199,"column":8},"end":{"line":199,"column":17}},"127":{"start":{"line":201,"column":6},"end":{"line":201,"column":18}},"128":{"start":{"line":204,"column":6},"end":{"line":204,"column":89}},"129":{"start":{"line":205,"column":6},"end":{"line":205,"column":47}},"130":{"start":{"line":205,"column":18},"end":{"line":205,"column":47}},"131":{"start":{"line":206,"column":6},"end":{"line":206,"column":44}},"132":{"start":{"line":206,"column":34},"end":{"line":206,"column":44}},"133":{"start":{"line":207,"column":21},"end":{"line":207,"column":52}},"134":{"start":{"line":208,"column":19},"end":{"line":208,"column":57}},"135":{"start":{"line":209,"column":6},"end":{"line":209,"column":24}},"136":{"start":{"line":210,"column":6},"end":{"line":210,"column":48}},"137":{"start":{"line":221,"column":4},"end":{"line":221,"column":29}},"138":{"start":{"line":224,"column":15},"end":{"line":224,"column":24}},"139":{"start":{"line":225,"column":18},"end":{"line":225,"column":27}},"140":{"start":{"line":226,"column":23},"end":{"line":226,"column":25}},"141":{"start":{"line":229,"column":25},"end":{"line":229,"column":107}},"142":{"start":{"line":230,"column":24},"end":{"line":230,"column":122}},"143":{"start":{"line":231,"column":27},"end":{"line":231,"column":111}},"144":{"start":{"line":234,"column":20},"end":{"line":234,"column":29}},"145":{"start":{"line":238,"column":2},"end":{"line":268,"column":3}},"146":{"start":{"line":239,"column":4},"end":{"line":267,"column":5}},"147":{"start":{"line":240,"column":24},"end":{"line":240,"column":51}},"148":{"start":{"line":241,"column":21},"end":{"line":241,"column":45}},"149":{"start":{"line":243,"column":24},"end":{"line":243,"column":74}},"150":{"start":{"line":244,"column":6},"end":{"line":247,"column":7}},"151":{"start":{"line":246,"column":8},"end":{"line":246,"column":62}},"152":{"start":{"line":248,"column":6},"end":{"line":252,"column":7}},"153":{"start":{"line":250,"column":8},"end":{"line":250,"column":59}},"154":{"start":{"line":251,"column":8},"end":{"line":251,"column":21}},"155":{"start":{"line":254,"column":22},"end":{"line":254,"column":71}},"156":{"start":{"line":255,"column":6},"end":{"line":257,"column":7}},"157":{"start":{"line":256,"column":8},"end":{"line":256,"column":59}},"158":{"start":{"line":258,"column":6},"end":{"line":263,"column":7}},"159":{"start":{"line":260,"column":8},"end":{"line":260,"column":59}},"160":{"start":{"line":261,"column":8},"end":{"line":261,"column":58}},"161":{"start":{"line":262,"column":8},"end":{"line":262,"column":21}},"162":{"start":{"line":264,"column":6},"end":{"line":264,"column":18}},"163":{"start":{"line":266,"column":6},"end":{"line":266,"column":71}},"164":{"start":{"line":271,"column":14},"end":{"line":271,"column":24}},"165":{"start":{"line":272,"column":16},"end":{"line":272,"column":77}},"166":{"start":{"line":273,"column":2},"end":{"line":277,"column":3}},"167":{"start":{"line":274,"column":4},"end":{"line":274,"column":21}},"168":{"start":{"line":275,"column":4},"end":{"line":275,"column":19}},"169":{"start":{"line":276,"column":4},"end":{"line":276,"column":19}},"170":{"start":{"line":278,"column":2},"end":{"line":278,"column":68}},"171":{"start":{"line":278,"column":55},"end":{"line":278,"column":68}},"172":{"start":{"line":279,"column":2},"end":{"line":279,"column":70}},"173":{"start":{"line":279,"column":57},"end":{"line":279,"column":70}},"174":{"start":{"line":280,"column":2},"end":{"line":280,"column":32}},"175":{"start":{"line":281,"column":2},"end":{"line":281,"column":32}},"176":{"start":{"line":282,"column":2},"end":{"line":282,"column":36}},"177":{"start":{"line":283,"column":2},"end":{"line":283,"column":14}},"178":{"start":{"line":287,"column":2},"end":{"line":287,"column":32}},"179":{"start":{"line":287,"column":25},"end":{"line":287,"column":32}},"180":{"start":{"line":288,"column":2},"end":{"line":298,"column":3}},"181":{"start":{"line":289,"column":4},"end":{"line":297,"column":5}},"182":{"start":{"line":290,"column":24},"end":{"line":290,"column":51}},"183":{"start":{"line":291,"column":24},"end":{"line":291,"column":77}},"184":{"start":{"line":293,"column":6},"end":{"line":293,"column":60}},"185":{"start":{"line":294,"column":6},"end":{"line":294,"column":23}},"186":{"start":{"line":296,"column":6},"end":{"line":296,"column":78}},"187":{"start":{"line":299,"column":16},"end":{"line":299,"column":84}},"188":{"start":{"line":300,"column":2},"end":{"line":300,"column":35}},"189":{"start":{"line":301,"column":2},"end":{"line":301,"column":36}},"190":{"start":{"line":302,"column":2},"end":{"line":302,"column":22}},"191":{"start":{"line":306,"column":2},"end":{"line":321,"column":3}},"192":{"start":{"line":307,"column":4},"end":{"line":320,"column":5}},"193":{"start":{"line":308,"column":24},"end":{"line":308,"column":51}},"194":{"start":{"line":309,"column":21},"end":{"line":309,"column":45}},"195":{"start":{"line":310,"column":29},"end":{"line":310,"column":101}},"196":{"start":{"line":311,"column":6},"end":{"line":317,"column":8}},"197":{"start":{"line":319,"column":6},"end":{"line":319,"column":78}},"198":{"start":{"line":322,"column":16},"end":{"line":322,"column":84}},"199":{"start":{"line":323,"column":2},"end":{"line":329,"column":4}},"200":{"start":{"line":334,"column":2},"end":{"line":384,"column":3}},"201":{"start":{"line":335,"column":19},"end":{"line":335,"column":37}},"202":{"start":{"line":336,"column":4},"end":{"line":383,"column":5}},"203":{"start":{"line":338,"column":23},"end":{"line":338,"column":52}},"204":{"start":{"line":339,"column":6},"end":{"line":341,"column":7}},"205":{"start":{"line":340,"column":8},"end":{"line":340,"column":21}},"206":{"start":{"line":344,"column":18},"end":{"line":344,"column":35}},"207":{"start":{"line":345,"column":18},"end":{"line":345,"column":28}},"208":{"start":{"line":346,"column":23},"end":{"line":346,"column":116}},"209":{"start":{"line":347,"column":27},"end":{"line":347,"column":113}},"210":{"start":{"line":351,"column":21},"end":{"line":351,"column":46}},"211":{"start":{"line":352,"column":6},"end":{"line":352,"column":47}},"212":{"start":{"line":355,"column":6},"end":{"line":355,"column":65}},"213":{"start":{"line":358,"column":20},"end":{"line":358,"column":48}},"214":{"start":{"line":360,"column":6},"end":{"line":377,"column":7}},"215":{"start":{"line":362,"column":23},"end":{"line":362,"column":41}},"216":{"start":{"line":363,"column":20},"end":{"line":363,"column":50}},"217":{"start":{"line":365,"column":8},"end":{"line":365,"column":57}},"218":{"start":{"line":367,"column":26},"end":{"line":367,"column":105}},"219":{"start":{"line":368,"column":25},"end":{"line":368,"column":108}},"220":{"start":{"line":370,"column":22},"end":{"line":370,"column":87}},"221":{"start":{"line":371,"column":8},"end":{"line":371,"column":56}},"222":{"start":{"line":374,"column":2},"end":{"line":374,"column":64}},"223":{"start":{"line":375,"column":2},"end":{"line":375,"column":82}},"224":{"start":{"line":375,"column":14},"end":{"line":375,"column":82}},"225":{"start":{"line":376,"column":8},"end":{"line":376,"column":21}},"226":{"start":{"line":379,"column":6},"end":{"line":379,"column":18}},"227":{"start":{"line":381,"column":6},"end":{"line":381,"column":76}},"228":{"start":{"line":382,"column":6},"end":{"line":382,"column":94}},"229":{"start":{"line":387,"column":14},"end":{"line":387,"column":24}},"230":{"start":{"line":389,"column":19},"end":{"line":389,"column":112}},"231":{"start":{"line":390,"column":23},"end":{"line":390,"column":109}},"232":{"start":{"line":391,"column":16},"end":{"line":391,"column":62}},"233":{"start":{"line":392,"column":2},"end":{"line":397,"column":3}},"234":{"start":{"line":393,"column":4},"end":{"line":393,"column":19}},"235":{"start":{"line":394,"column":4},"end":{"line":394,"column":20}},"236":{"start":{"line":396,"column":4},"end":{"line":396,"column":21}},"237":{"start":{"line":398,"column":2},"end":{"line":398,"column":31}},"238":{"start":{"line":399,"column":2},"end":{"line":399,"column":37}},"239":{"start":{"line":407,"column":0},"end":{"line":460,"column":3}},"240":{"start":{"line":408,"column":2},"end":{"line":459,"column":3}},"241":{"start":{"line":409,"column":24},"end":{"line":409,"column":59}},"242":{"start":{"line":410,"column":4},"end":{"line":410,"column":36}},"243":{"start":{"line":410,"column":22},"end":{"line":410,"column":36}},"244":{"start":{"line":413,"column":4},"end":{"line":413,"column":73}},"245":{"start":{"line":413,"column":59},"end":{"line":413,"column":73}},"246":{"start":{"line":416,"column":19},"end":{"line":416,"column":45}},"247":{"start":{"line":417,"column":17},"end":{"line":417,"column":47}},"248":{"start":{"line":419,"column":16},"end":{"line":419,"column":20}},"249":{"start":{"line":420,"column":4},"end":{"line":428,"column":5}},"250":{"start":{"line":421,"column":6},"end":{"line":421,"column":21}},"251":{"start":{"line":423,"column":21},"end":{"line":423,"column":75}},"252":{"start":{"line":424,"column":6},"end":{"line":426,"column":7}},"253":{"start":{"line":425,"column":8},"end":{"line":425,"column":74}},"254":{"start":{"line":427,"column":6},"end":{"line":427,"column":35}},"255":{"start":{"line":430,"column":23},"end":{"line":430,"column":51}},"256":{"start":{"line":431,"column":26},"end":{"line":431,"column":57}},"257":{"start":{"line":434,"column":4},"end":{"line":434,"column":58}},"258":{"start":{"line":434,"column":44},"end":{"line":434,"column":58}},"259":{"start":{"line":437,"column":4},"end":{"line":445,"column":5}},"260":{"start":{"line":438,"column":16},"end":{"line":438,"column":83}},"261":{"start":{"line":440,"column":6},"end":{"line":444,"column":33}},"262":{"start":{"line":441,"column":18},"end":{"line":441,"column":40}},"263":{"start":{"line":442,"column":18},"end":{"line":442,"column":43}},"264":{"start":{"line":443,"column":8},"end":{"line":443,"column":81}},"265":{"start":{"line":443,"column":67},"end":{"line":443,"column":81}},"266":{"start":{"line":448,"column":4},"end":{"line":453,"column":5}},"267":{"start":{"line":449,"column":6},"end":{"line":452,"column":20}},"268":{"start":{"line":450,"column":18},"end":{"line":450,"column":85}},"269":{"start":{"line":451,"column":8},"end":{"line":451,"column":47}},"270":{"start":{"line":451,"column":33},"end":{"line":451,"column":47}},"271":{"start":{"line":455,"column":4},"end":{"line":455,"column":71}},"272":{"start":{"line":457,"column":4},"end":{"line":457,"column":80}},"273":{"start":{"line":458,"column":4},"end":{"line":458,"column":72}},"274":{"start":{"line":465,"column":31},"end":{"line":465,"column":73}},"275":{"start":{"line":466,"column":36},"end":{"line":466,"column":83}},"276":{"start":{"line":467,"column":32},"end":{"line":470,"column":18}},"277":{"start":{"line":469,"column":12},"end":{"line":469,"column":20}},"278":{"start":{"line":472,"column":20},"end":{"line":474,"column":73}},"279":{"start":{"line":476,"column":32},"end":{"line":476,"column":164}},"280":{"start":{"line":477,"column":31},"end":{"line":477,"column":88}},"281":{"start":{"line":478,"column":31},"end":{"line":478,"column":132}},"282":{"start":{"line":480,"column":20},"end":{"line":480,"column":29}},"283":{"start":{"line":484,"column":2},"end":{"line":493,"column":3}},"284":{"start":{"line":485,"column":4},"end":{"line":492,"column":5}},"285":{"start":{"line":486,"column":21},"end":{"line":486,"column":47}},"286":{"start":{"line":487,"column":6},"end":{"line":487,"column":30}},"287":{"start":{"line":487,"column":18},"end":{"line":487,"column":30}},"288":{"start":{"line":488,"column":6},"end":{"line":488,"column":68}},"289":{"start":{"line":489,"column":6},"end":{"line":489,"column":19}},"290":{"start":{"line":491,"column":6},"end":{"line":491,"column":72}},"291":{"start":{"line":494,"column":2},"end":{"line":494,"column":40}},"292":{"start":{"line":494,"column":28},"end":{"line":494,"column":40}},"293":{"start":{"line":495,"column":2},"end":{"line":495,"column":23}},"294":{"start":{"line":497,"column":12},"end":{"line":497,"column":93}},"295":{"start":{"line":497,"column":29},"end":{"line":497,"column":52}},"296":{"start":{"line":498,"column":2},"end":{"line":498,"column":47}},"297":{"start":{"line":498,"column":37},"end":{"line":498,"column":47}},"298":{"start":{"line":499,"column":2},"end":{"line":499,"column":15}},"299":{"start":{"line":502,"column":0},"end":{"line":542,"column":3}},"300":{"start":{"line":503,"column":2},"end":{"line":541,"column":3}},"301":{"start":{"line":504,"column":4},"end":{"line":504,"column":48}},"302":{"start":{"line":504,"column":34},"end":{"line":504,"column":48}},"303":{"start":{"line":505,"column":4},"end":{"line":508,"column":5}},"304":{"start":{"line":506,"column":6},"end":{"line":506,"column":51}},"305":{"start":{"line":507,"column":6},"end":{"line":507,"column":119}},"306":{"start":{"line":509,"column":19},"end":{"line":509,"column":54}},"307":{"start":{"line":510,"column":4},"end":{"line":510,"column":118}},"308":{"start":{"line":510,"column":47},"end":{"line":510,"column":118}},"309":{"start":{"line":511,"column":18},"end":{"line":511,"column":35}},"310":{"start":{"line":512,"column":4},"end":{"line":512,"column":106}},"311":{"start":{"line":512,"column":28},"end":{"line":512,"column":106}},"312":{"start":{"line":513,"column":15},"end":{"line":513,"column":37}},"313":{"start":{"line":514,"column":16},"end":{"line":514,"column":24}},"314":{"start":{"line":515,"column":4},"end":{"line":515,"column":107}},"315":{"start":{"line":515,"column":26},"end":{"line":515,"column":107}},"316":{"start":{"line":516,"column":16},"end":{"line":516,"column":26}},"317":{"start":{"line":517,"column":4},"end":{"line":517,"column":124}},"318":{"start":{"line":517,"column":53},"end":{"line":517,"column":124}},"319":{"start":{"line":519,"column":20},"end":{"line":519,"column":48}},"320":{"start":{"line":521,"column":22},"end":{"line":521,"column":26}},"321":{"start":{"line":522,"column":4},"end":{"line":530,"column":5}},"322":{"start":{"line":523,"column":6},"end":{"line":529,"column":34}},"323":{"start":{"line":524,"column":18},"end":{"line":524,"column":83}},"324":{"start":{"line":525,"column":8},"end":{"line":528,"column":9}},"325":{"start":{"line":526,"column":10},"end":{"line":526,"column":26}},"326":{"start":{"line":527,"column":10},"end":{"line":527,"column":16}},"327":{"start":{"line":531,"column":4},"end":{"line":531,"column":93}},"328":{"start":{"line":531,"column":22},"end":{"line":531,"column":93}},"329":{"start":{"line":534,"column":22},"end":{"line":534,"column":42}},"330":{"start":{"line":535,"column":4},"end":{"line":535,"column":95}},"331":{"start":{"line":535,"column":35},"end":{"line":535,"column":95}},"332":{"start":{"line":537,"column":4},"end":{"line":537,"column":18}},"333":{"start":{"line":539,"column":4},"end":{"line":539,"column":79}},"334":{"start":{"line":540,"column":4},"end":{"line":540,"column":72}},"335":{"start":{"line":544,"column":0},"end":{"line":553,"column":3}},"336":{"start":{"line":545,"column":13},"end":{"line":545,"column":33}},"337":{"start":{"line":546,"column":2},"end":{"line":546,"column":101}},"338":{"start":{"line":546,"column":11},"end":{"line":546,"column":101}},"339":{"start":{"line":547,"column":2},"end":{"line":552,"column":3}},"340":{"start":{"line":548,"column":17},"end":{"line":548,"column":32}},"341":{"start":{"line":549,"column":4},"end":{"line":549,"column":63}},"342":{"start":{"line":551,"column":4},"end":{"line":551,"column":96}},"343":{"start":{"line":555,"column":0},"end":{"line":631,"column":3}},"344":{"start":{"line":556,"column":2},"end":{"line":630,"column":3}},"345":{"start":{"line":557,"column":17},"end":{"line":557,"column":31}},"346":{"start":{"line":558,"column":28},"end":{"line":558,"column":49}},"347":{"start":{"line":559,"column":4},"end":{"line":562,"column":5}},"348":{"start":{"line":560,"column":6},"end":{"line":560,"column":83}},"349":{"start":{"line":561,"column":6},"end":{"line":561,"column":73}},"350":{"start":{"line":565,"column":21},"end":{"line":565,"column":51}},"351":{"start":{"line":566,"column":21},"end":{"line":566,"column":77}},"352":{"start":{"line":567,"column":23},"end":{"line":567,"column":88}},"353":{"start":{"line":568,"column":22},"end":{"line":568,"column":87}},"354":{"start":{"line":570,"column":20},"end":{"line":570,"column":51}},"355":{"start":{"line":571,"column":4},"end":{"line":573,"column":5}},"356":{"start":{"line":572,"column":6},"end":{"line":572,"column":72}},"357":{"start":{"line":576,"column":28},"end":{"line":576,"column":60}},"358":{"start":{"line":577,"column":20},"end":{"line":577,"column":77}},"359":{"start":{"line":578,"column":4},"end":{"line":581,"column":5}},"360":{"start":{"line":579,"column":6},"end":{"line":579,"column":56}},"361":{"start":{"line":580,"column":6},"end":{"line":580,"column":74}},"362":{"start":{"line":583,"column":16},"end":{"line":583,"column":36}},"363":{"start":{"line":584,"column":4},"end":{"line":587,"column":5}},"364":{"start":{"line":585,"column":6},"end":{"line":585,"column":86}},"365":{"start":{"line":586,"column":6},"end":{"line":586,"column":80}},"366":{"start":{"line":590,"column":20},"end":{"line":590,"column":59}},"367":{"start":{"line":591,"column":23},"end":{"line":591,"column":108}},"368":{"start":{"line":593,"column":19},"end":{"line":593,"column":305}},"369":{"start":{"line":595,"column":26},"end":{"line":599,"column":5}},"370":{"start":{"line":601,"column":21},"end":{"line":601,"column":122}},"371":{"start":{"line":603,"column":17},"end":{"line":607,"column":26}},"372":{"start":{"line":609,"column":17},"end":{"line":609,"column":34}},"373":{"start":{"line":610,"column":17},"end":{"line":610,"column":65}},"374":{"start":{"line":611,"column":17},"end":{"line":611,"column":42}},"375":{"start":{"line":612,"column":4},"end":{"line":618,"column":5}},"376":{"start":{"line":614,"column":6},"end":{"line":614,"column":47}},"377":{"start":{"line":615,"column":6},"end":{"line":615,"column":70}},"378":{"start":{"line":616,"column":6},"end":{"line":616,"column":92}},"379":{"start":{"line":616,"column":18},"end":{"line":616,"column":92}},"380":{"start":{"line":617,"column":6},"end":{"line":617,"column":119}},"381":{"start":{"line":621,"column":25},"end":{"line":621,"column":77}},"382":{"start":{"line":622,"column":4},"end":{"line":622,"column":74}},"383":{"start":{"line":624,"column":4},"end":{"line":624,"column":81}},"384":{"start":{"line":625,"column":4},"end":{"line":625,"column":54}},"385":{"start":{"line":627,"column":6},"end":{"line":627,"column":80}},"386":{"start":{"line":628,"column":6},"end":{"line":628,"column":47}},"387":{"start":{"line":628,"column":18},"end":{"line":628,"column":47}},"388":{"start":{"line":629,"column":6},"end":{"line":629,"column":96}},"389":{"start":{"line":634,"column":0},"end":{"line":719,"column":3}},"390":{"start":{"line":635,"column":2},"end":{"line":718,"column":3}},"391":{"start":{"line":636,"column":17},"end":{"line":636,"column":31}},"392":{"start":{"line":637,"column":28},"end":{"line":637,"column":72}},"393":{"start":{"line":638,"column":4},"end":{"line":641,"column":5}},"394":{"start":{"line":639,"column":6},"end":{"line":639,"column":83}},"395":{"start":{"line":640,"column":6},"end":{"line":640,"column":73}},"396":{"start":{"line":643,"column":21},"end":{"line":643,"column":51}},"397":{"start":{"line":644,"column":23},"end":{"line":644,"column":88}},"398":{"start":{"line":645,"column":22},"end":{"line":645,"column":87}},"399":{"start":{"line":647,"column":20},"end":{"line":647,"column":51}},"400":{"start":{"line":648,"column":4},"end":{"line":648,"column":84}},"401":{"start":{"line":648,"column":18},"end":{"line":648,"column":84}},"402":{"start":{"line":650,"column":16},"end":{"line":650,"column":36}},"403":{"start":{"line":651,"column":4},"end":{"line":654,"column":5}},"404":{"start":{"line":652,"column":6},"end":{"line":652,"column":86}},"405":{"start":{"line":653,"column":6},"end":{"line":653,"column":80}},"406":{"start":{"line":657,"column":22},"end":{"line":657,"column":58}},"407":{"start":{"line":658,"column":20},"end":{"line":658,"column":71}},"408":{"start":{"line":659,"column":4},"end":{"line":659,"column":86}},"409":{"start":{"line":659,"column":18},"end":{"line":659,"column":86}},"410":{"start":{"line":661,"column":25},"end":{"line":661,"column":126}},"411":{"start":{"line":664,"column":25},"end":{"line":664,"column":264}},"412":{"start":{"line":665,"column":22},"end":{"line":665,"column":73}},"413":{"start":{"line":666,"column":23},"end":{"line":670,"column":6}},"414":{"start":{"line":671,"column":23},"end":{"line":671,"column":46}},"415":{"start":{"line":672,"column":25},"end":{"line":672,"column":93}},"416":{"start":{"line":673,"column":4},"end":{"line":676,"column":5}},"417":{"start":{"line":674,"column":6},"end":{"line":674,"column":55}},"418":{"start":{"line":675,"column":6},"end":{"line":675,"column":73}},"419":{"start":{"line":679,"column":28},"end":{"line":679,"column":349}},"420":{"start":{"line":680,"column":25},"end":{"line":680,"column":79}},"421":{"start":{"line":681,"column":26},"end":{"line":685,"column":6}},"422":{"start":{"line":686,"column":26},"end":{"line":686,"column":52}},"423":{"start":{"line":687,"column":27},"end":{"line":687,"column":90}},"424":{"start":{"line":688,"column":21},"end":{"line":688,"column":56}},"425":{"start":{"line":689,"column":4},"end":{"line":692,"column":5}},"426":{"start":{"line":690,"column":6},"end":{"line":690,"column":111}},"427":{"start":{"line":691,"column":6},"end":{"line":691,"column":76}},"428":{"start":{"line":695,"column":27},"end":{"line":695,"column":314}},"429":{"start":{"line":696,"column":24},"end":{"line":696,"column":77}},"430":{"start":{"line":697,"column":25},"end":{"line":701,"column":6}},"431":{"start":{"line":702,"column":25},"end":{"line":702,"column":50}},"432":{"start":{"line":703,"column":22},"end":{"line":703,"column":84}},"433":{"start":{"line":704,"column":20},"end":{"line":704,"column":50}},"434":{"start":{"line":705,"column":4},"end":{"line":708,"column":5}},"435":{"start":{"line":707,"column":6},"end":{"line":707,"column":29}},"436":{"start":{"line":711,"column":25},"end":{"line":711,"column":100}},"437":{"start":{"line":712,"column":4},"end":{"line":712,"column":68}},"438":{"start":{"line":714,"column":4},"end":{"line":714,"column":100}},"439":{"start":{"line":716,"column":4},"end":{"line":716,"column":74}},"440":{"start":{"line":717,"column":4},"end":{"line":717,"column":92}},"441":{"start":{"line":722,"column":0},"end":{"line":730,"column":3}},"442":{"start":{"line":723,"column":2},"end":{"line":729,"column":3}},"443":{"start":{"line":724,"column":16},"end":{"line":724,"column":70}},"444":{"start":{"line":725,"column":19},"end":{"line":725,"column":44}},"445":{"start":{"line":726,"column":4},"end":{"line":726,"column":42}},"446":{"start":{"line":728,"column":4},"end":{"line":728,"column":72}},"447":{"start":{"line":733,"column":0},"end":{"line":735,"column":1}},"448":{"start":{"line":734,"column":2},"end":{"line":734,"column":42}},"449":{"start":{"line":738,"column":0},"end":{"line":744,"column":1}},"450":{"start":{"line":739,"column":2},"end":{"line":741,"column":3}},"451":{"start":{"line":740,"column":4},"end":{"line":740,"column":69}},"452":{"start":{"line":742,"column":15},"end":{"line":742,"column":39}},"453":{"start":{"line":743,"column":2},"end":{"line":743,"column":76}},"454":{"start":{"line":743,"column":25},"end":{"line":743,"column":74}},"455":{"start":{"line":747,"column":0},"end":{"line":754,"column":1}},"456":{"start":{"line":749,"column":20},"end":{"line":749,"column":49}},"457":{"start":{"line":750,"column":2},"end":{"line":750,"column":47}},"458":{"start":{"line":753,"column":2},"end":{"line":753,"column":23}},"459":{"start":{"line":757,"column":0},"end":{"line":757,"column":25}}},"fnMap":{"0":{"name":"(anonymous_0)","decl":{"start":{"line":19,"column":109},"end":{"line":19,"column":110}},"loc":{"start":{"line":19,"column":114},"end":{"line":19,"column":122}},"line":19},"1":{"name":"(anonymous_1)","decl":{"start":{"line":21,"column":10},"end":{"line":21,"column":11}},"loc":{"start":{"line":21,"column":37},"end":{"line":27,"column":3}},"line":21},"2":{"name":"(anonymous_2)","decl":{"start":{"line":31,"column":47},"end":{"line":31,"column":48}},"loc":{"start":{"line":31,"column":66},"end":{"line":31,"column":130}},"line":31},"3":{"name":"(anonymous_3)","decl":{"start":{"line":48,"column":8},"end":{"line":48,"column":9}},"loc":{"start":{"line":48,"column":28},"end":{"line":56,"column":1}},"line":48},"4":{"name":"(anonymous_4)","decl":{"start":{"line":50,"column":19},"end":{"line":50,"column":20}},"loc":{"start":{"line":50,"column":25},"end":{"line":54,"column":3}},"line":50},"5":{"name":"logEvent","decl":{"start":{"line":67,"column":9},"end":{"line":67,"column":17}},"loc":{"start":{"line":67,"column":45},"end":{"line":82,"column":1}},"line":67},"6":{"name":"(anonymous_6)","decl":{"start":{"line":73,"column":29},"end":{"line":73,"column":30}},"loc":{"start":{"line":73,"column":38},"end":{"line":73,"column":85}},"line":73},"7":{"name":"getGeminiKey","decl":{"start":{"line":148,"column":15},"end":{"line":148,"column":27}},"loc":{"start":{"line":148,"column":30},"end":{"line":171,"column":1}},"line":148},"8":{"name":"sleep","decl":{"start":{"line":178,"column":9},"end":{"line":178,"column":14}},"loc":{"start":{"line":178,"column":19},"end":{"line":180,"column":1}},"line":178},"9":{"name":"(anonymous_9)","decl":{"start":{"line":179,"column":21},"end":{"line":179,"column":22}},"loc":{"start":{"line":179,"column":34},"end":{"line":179,"column":57}},"line":179},"10":{"name":"fetchWithRetry","decl":{"start":{"line":182,"column":15},"end":{"line":182,"column":29}},"loc":{"start":{"line":182,"column":83},"end":{"line":213,"column":1}},"line":182},"11":{"name":"(anonymous_11)","decl":{"start":{"line":191,"column":45},"end":{"line":191,"column":46}},"loc":{"start":{"line":191,"column":51},"end":{"line":191,"column":53}},"line":191},"12":{"name":"checkAndReserveQuota","decl":{"start":{"line":236,"column":15},"end":{"line":236,"column":35}},"loc":{"start":{"line":236,"column":87},"end":{"line":284,"column":1}},"line":236},"13":{"name":"adjustQuotaAfterCall","decl":{"start":{"line":286,"column":15},"end":{"line":286,"column":35}},"loc":{"start":{"line":286,"column":69},"end":{"line":303,"column":1}},"line":286},"14":{"name":"getQuotaStatus","decl":{"start":{"line":305,"column":15},"end":{"line":305,"column":29}},"loc":{"start":{"line":305,"column":41},"end":{"line":330,"column":1}},"line":305},"15":{"name":"checkRateLimit","decl":{"start":{"line":332,"column":15},"end":{"line":332,"column":29}},"loc":{"start":{"line":332,"column":41},"end":{"line":400,"column":1}},"line":332},"16":{"name":"(anonymous_16)","decl":{"start":{"line":407,"column":8},"end":{"line":407,"column":9}},"loc":{"start":{"line":407,"column":28},"end":{"line":460,"column":1}},"line":407},"17":{"name":"(anonymous_17)","decl":{"start":{"line":469,"column":7},"end":{"line":469,"column":8}},"loc":{"start":{"line":469,"column":12},"end":{"line":469,"column":20}},"line":469},"18":{"name":"isReplay","decl":{"start":{"line":483,"column":15},"end":{"line":483,"column":23}},"loc":{"start":{"line":483,"column":29},"end":{"line":500,"column":1}},"line":483},"19":{"name":"(anonymous_19)","decl":{"start":{"line":497,"column":23},"end":{"line":497,"column":24}},"loc":{"start":{"line":497,"column":29},"end":{"line":497,"column":52}},"line":497},"20":{"name":"(anonymous_20)","decl":{"start":{"line":502,"column":8},"end":{"line":502,"column":9}},"loc":{"start":{"line":502,"column":34},"end":{"line":542,"column":1}},"line":502},"21":{"name":"(anonymous_21)","decl":{"start":{"line":544,"column":25},"end":{"line":544,"column":26}},"loc":{"start":{"line":544,"column":45},"end":{"line":553,"column":1}},"line":544},"22":{"name":"(anonymous_22)","decl":{"start":{"line":555,"column":25},"end":{"line":555,"column":26}},"loc":{"start":{"line":555,"column":45},"end":{"line":631,"column":1}},"line":555},"23":{"name":"(anonymous_23)","decl":{"start":{"line":634,"column":25},"end":{"line":634,"column":26}},"loc":{"start":{"line":634,"column":45},"end":{"line":719,"column":1}},"line":634},"24":{"name":"(anonymous_24)","decl":{"start":{"line":722,"column":36},"end":{"line":722,"column":37}},"loc":{"start":{"line":722,"column":56},"end":{"line":730,"column":1}},"line":722},"25":{"name":"(anonymous_25)","decl":{"start":{"line":743,"column":19},"end":{"line":743,"column":20}},"loc":{"start":{"line":743,"column":25},"end":{"line":743,"column":74}},"line":743}},"branchMap":{"0":{"loc":{"start":{"line":19,"column":24},"end":{"line":19,"column":146}},"type":"cond-expr","locations":[{"start":{"line":19,"column":60},"end":{"line":19,"column":139}},{"start":{"line":19,"column":142},"end":{"line":19,"column":146}}],"line":19},"1":{"loc":{"start":{"line":23,"column":4},"end":{"line":23,"column":45}},"type":"if","locations":[{"start":{"line":23,"column":4},"end":{"line":23,"column":45}},{"start":{},"end":{}}],"line":23},"2":{"loc":{"start":{"line":24,"column":4},"end":{"line":24,"column":54}},"type":"if","locations":[{"start":{"line":24,"column":4},"end":{"line":24,"column":54}},{"start":{},"end":{}}],"line":24},"3":{"loc":{"start":{"line":25,"column":4},"end":{"line":25,"column":76}},"type":"if","locations":[{"start":{"line":25,"column":4},"end":{"line":25,"column":76}},{"start":{},"end":{}}],"line":25},"4":{"loc":{"start":{"line":31,"column":82},"end":{"line":31,"column":127}},"type":"cond-expr","locations":[{"start":{"line":31,"column":102},"end":{"line":31,"column":122}},{"start":{"line":31,"column":125},"end":{"line":31,"column":127}}],"line":31},"5":{"loc":{"start":{"line":31,"column":82},"end":{"line":31,"column":99}},"type":"binary-expr","locations":[{"start":{"line":31,"column":82},"end":{"line":31,"column":85}},{"start":{"line":31,"column":89},"end":{"line":31,"column":99}}],"line":31},"6":{"loc":{"start":{"line":35,"column":0},"end":{"line":46,"column":1}},"type":"if","locations":[{"start":{"line":35,"column":0},"end":{"line":46,"column":1}},{"start":{},"end":{}}],"line":35},"7":{"loc":{"start":{"line":43,"column":40},"end":{"line":43,"column":54}},"type":"binary-expr","locations":[{"start":{"line":43,"column":40},"end":{"line":43,"column":49}},{"start":{"line":43,"column":53},"end":{"line":43,"column":54}}],"line":43},"8":{"loc":{"start":{"line":67,"column":34},"end":{"line":67,"column":43}},"type":"default-arg","locations":[{"start":{"line":67,"column":41},"end":{"line":67,"column":43}}],"line":67},"9":{"loc":{"start":{"line":69,"column":2},"end":{"line":77,"column":3}},"type":"if","locations":[{"start":{"line":69,"column":2},"end":{"line":77,"column":3}},{"start":{},"end":{}}],"line":69},"10":{"loc":{"start":{"line":75,"column":42},"end":{"line":75,"column":56}},"type":"binary-expr","locations":[{"start":{"line":75,"column":42},"end":{"line":75,"column":51}},{"start":{"line":75,"column":55},"end":{"line":75,"column":56}}],"line":75},"11":{"loc":{"start":{"line":79,"column":2},"end":{"line":81,"column":34}},"type":"if","locations":[{"start":{"line":79,"column":2},"end":{"line":81,"column":34}},{"start":{"line":80,"column":7},"end":{"line":81,"column":34}}],"line":79},"12":{"loc":{"start":{"line":80,"column":7},"end":{"line":81,"column":34}},"type":"if","locations":[{"start":{"line":80,"column":7},"end":{"line":81,"column":34}},{"start":{"line":81,"column":7},"end":{"line":81,"column":34}}],"line":80},"13":{"loc":{"start":{"line":89,"column":2},"end":{"line":114,"column":3}},"type":"if","locations":[{"start":{"line":89,"column":2},"end":{"line":114,"column":3}},{"start":{},"end":{}}],"line":89},"14":{"loc":{"start":{"line":89,"column":6},"end":{"line":89,"column":44}},"type":"binary-expr","locations":[{"start":{"line":89,"column":6},"end":{"line":89,"column":17}},{"start":{"line":89,"column":21},"end":{"line":89,"column":44}}],"line":89},"15":{"loc":{"start":{"line":92,"column":6},"end":{"line":109,"column":7}},"type":"if","locations":[{"start":{"line":92,"column":6},"end":{"line":109,"column":7}},{"start":{"line":101,"column":13},"end":{"line":109,"column":7}}],"line":92},"16":{"loc":{"start":{"line":98,"column":102},"end":{"line":98,"column":116}},"type":"binary-expr","locations":[{"start":{"line":98,"column":102},"end":{"line":98,"column":111}},{"start":{"line":98,"column":115},"end":{"line":98,"column":116}}],"line":98},"17":{"loc":{"start":{"line":101,"column":13},"end":{"line":109,"column":7}},"type":"if","locations":[{"start":{"line":101,"column":13},"end":{"line":109,"column":7}},{"start":{"line":105,"column":13},"end":{"line":109,"column":7}}],"line":101},"18":{"loc":{"start":{"line":112,"column":61},"end":{"line":112,"column":75}},"type":"binary-expr","locations":[{"start":{"line":112,"column":61},"end":{"line":112,"column":70}},{"start":{"line":112,"column":74},"end":{"line":112,"column":75}}],"line":112},"19":{"loc":{"start":{"line":122,"column":18},"end":{"line":122,"column":47}},"type":"binary-expr","locations":[{"start":{"line":122,"column":18},"end":{"line":122,"column":39}},{"start":{"line":122,"column":43},"end":{"line":122,"column":47}}],"line":122},"20":{"loc":{"start":{"line":123,"column":0},"end":{"line":131,"column":1}},"type":"if","locations":[{"start":{"line":123,"column":0},"end":{"line":131,"column":1}},{"start":{},"end":{}}],"line":123},"21":{"loc":{"start":{"line":128,"column":64},"end":{"line":128,"column":78}},"type":"binary-expr","locations":[{"start":{"line":128,"column":64},"end":{"line":128,"column":73}},{"start":{"line":128,"column":77},"end":{"line":128,"column":78}}],"line":128},"22":{"loc":{"start":{"line":138,"column":28},"end":{"line":138,"column":66}},"type":"binary-expr","locations":[{"start":{"line":138,"column":28},"end":{"line":138,"column":58}},{"start":{"line":138,"column":62},"end":{"line":138,"column":66}}],"line":138},"23":{"loc":{"start":{"line":140,"column":2},"end":{"line":143,"column":3}},"type":"if","locations":[{"start":{"line":140,"column":2},"end":{"line":143,"column":3}},{"start":{},"end":{}}],"line":140},"24":{"loc":{"start":{"line":149,"column":2},"end":{"line":149,"column":46}},"type":"if","locations":[{"start":{"line":149,"column":2},"end":{"line":149,"column":46}},{"start":{},"end":{}}],"line":149},"25":{"loc":{"start":{"line":151,"column":2},"end":{"line":162,"column":3}},"type":"if","locations":[{"start":{"line":151,"column":2},"end":{"line":162,"column":3}},{"start":{},"end":{}}],"line":151},"26":{"loc":{"start":{"line":151,"column":6},"end":{"line":151,"column":48}},"type":"binary-expr","locations":[{"start":{"line":151,"column":6},"end":{"line":151,"column":25}},{"start":{"line":151,"column":29},"end":{"line":151,"column":48}}],"line":151},"27":{"loc":{"start":{"line":154,"column":22},"end":{"line":154,"column":129}},"type":"cond-expr","locations":[{"start":{"line":154,"column":78},"end":{"line":154,"column":122}},{"start":{"line":154,"column":125},"end":{"line":154,"column":129}}],"line":154},"28":{"loc":{"start":{"line":154,"column":22},"end":{"line":154,"column":75}},"type":"binary-expr","locations":[{"start":{"line":154,"column":22},"end":{"line":154,"column":44}},{"start":{"line":154,"column":48},"end":{"line":154,"column":75}}],"line":154},"29":{"loc":{"start":{"line":155,"column":6},"end":{"line":158,"column":7}},"type":"if","locations":[{"start":{"line":155,"column":6},"end":{"line":158,"column":7}},{"start":{},"end":{}}],"line":155},"30":{"loc":{"start":{"line":160,"column":76},"end":{"line":160,"column":90}},"type":"binary-expr","locations":[{"start":{"line":160,"column":76},"end":{"line":160,"column":85}},{"start":{"line":160,"column":89},"end":{"line":160,"column":90}}],"line":160},"31":{"loc":{"start":{"line":165,"column":17},"end":{"line":165,"column":51}},"type":"binary-expr","locations":[{"start":{"line":165,"column":17},"end":{"line":165,"column":43}},{"start":{"line":165,"column":47},"end":{"line":165,"column":51}}],"line":165},"32":{"loc":{"start":{"line":166,"column":2},"end":{"line":169,"column":3}},"type":"if","locations":[{"start":{"line":166,"column":2},"end":{"line":169,"column":3}},{"start":{},"end":{}}],"line":166},"33":{"loc":{"start":{"line":174,"column":27},"end":{"line":174,"column":108}},"type":"cond-expr","locations":[{"start":{"line":174,"column":60},"end":{"line":174,"column":104}},{"start":{"line":174,"column":107},"end":{"line":174,"column":108}}],"line":174},"34":{"loc":{"start":{"line":175,"column":25},"end":{"line":175,"column":104}},"type":"cond-expr","locations":[{"start":{"line":175,"column":56},"end":{"line":175,"column":98}},{"start":{"line":175,"column":101},"end":{"line":175,"column":104}}],"line":175},"35":{"loc":{"start":{"line":176,"column":21},"end":{"line":176,"column":93}},"type":"cond-expr","locations":[{"start":{"line":176,"column":48},"end":{"line":176,"column":86}},{"start":{"line":176,"column":89},"end":{"line":176,"column":93}}],"line":176},"36":{"loc":{"start":{"line":182,"column":35},"end":{"line":182,"column":47}},"type":"default-arg","locations":[{"start":{"line":182,"column":45},"end":{"line":182,"column":47}}],"line":182},"37":{"loc":{"start":{"line":182,"column":49},"end":{"line":182,"column":81}},"type":"default-arg","locations":[{"start":{"line":182,"column":63},"end":{"line":182,"column":81}}],"line":182},"38":{"loc":{"start":{"line":190,"column":6},"end":{"line":200,"column":7}},"type":"if","locations":[{"start":{"line":190,"column":6},"end":{"line":200,"column":7}},{"start":{},"end":{}}],"line":190},"39":{"loc":{"start":{"line":190,"column":10},"end":{"line":190,"column":51}},"type":"binary-expr","locations":[{"start":{"line":190,"column":10},"end":{"line":190,"column":28}},{"start":{"line":190,"column":32},"end":{"line":190,"column":51}}],"line":190},"40":{"loc":{"start":{"line":193,"column":8},"end":{"line":193,"column":48}},"type":"if","locations":[{"start":{"line":193,"column":8},"end":{"line":193,"column":48}},{"start":{},"end":{}}],"line":193},"41":{"loc":{"start":{"line":204,"column":58},"end":{"line":204,"column":76}},"type":"binary-expr","locations":[{"start":{"line":204,"column":58},"end":{"line":204,"column":69}},{"start":{"line":204,"column":73},"end":{"line":204,"column":76}}],"line":204},"42":{"loc":{"start":{"line":205,"column":6},"end":{"line":205,"column":47}},"type":"if","locations":[{"start":{"line":205,"column":6},"end":{"line":205,"column":47}},{"start":{},"end":{}}],"line":205},"43":{"loc":{"start":{"line":206,"column":6},"end":{"line":206,"column":44}},"type":"if","locations":[{"start":{"line":206,"column":6},"end":{"line":206,"column":44}},{"start":{},"end":{}}],"line":206},"44":{"loc":{"start":{"line":229,"column":25},"end":{"line":229,"column":107}},"type":"cond-expr","locations":[{"start":{"line":229,"column":56},"end":{"line":229,"column":98}},{"start":{"line":229,"column":101},"end":{"line":229,"column":107}}],"line":229},"45":{"loc":{"start":{"line":230,"column":24},"end":{"line":230,"column":122}},"type":"cond-expr","locations":[{"start":{"line":230,"column":54},"end":{"line":230,"column":95}},{"start":{"line":230,"column":98},"end":{"line":230,"column":122}}],"line":230},"46":{"loc":{"start":{"line":231,"column":27},"end":{"line":231,"column":111}},"type":"cond-expr","locations":[{"start":{"line":231,"column":60},"end":{"line":231,"column":104}},{"start":{"line":231,"column":107},"end":{"line":231,"column":111}}],"line":231},"47":{"loc":{"start":{"line":236,"column":47},"end":{"line":236,"column":64}},"type":"default-arg","locations":[{"start":{"line":236,"column":63},"end":{"line":236,"column":64}}],"line":236},"48":{"loc":{"start":{"line":236,"column":66},"end":{"line":236,"column":85}},"type":"default-arg","locations":[{"start":{"line":236,"column":84},"end":{"line":236,"column":85}}],"line":236},"49":{"loc":{"start":{"line":238,"column":2},"end":{"line":268,"column":3}},"type":"if","locations":[{"start":{"line":238,"column":2},"end":{"line":268,"column":3}},{"start":{},"end":{}}],"line":238},"50":{"loc":{"start":{"line":244,"column":6},"end":{"line":247,"column":7}},"type":"if","locations":[{"start":{"line":244,"column":6},"end":{"line":247,"column":7}},{"start":{},"end":{}}],"line":244},"51":{"loc":{"start":{"line":248,"column":6},"end":{"line":252,"column":7}},"type":"if","locations":[{"start":{"line":248,"column":6},"end":{"line":252,"column":7}},{"start":{},"end":{}}],"line":248},"52":{"loc":{"start":{"line":255,"column":6},"end":{"line":257,"column":7}},"type":"if","locations":[{"start":{"line":255,"column":6},"end":{"line":257,"column":7}},{"start":{},"end":{}}],"line":255},"53":{"loc":{"start":{"line":258,"column":6},"end":{"line":263,"column":7}},"type":"if","locations":[{"start":{"line":258,"column":6},"end":{"line":263,"column":7}},{"start":{},"end":{}}],"line":258},"54":{"loc":{"start":{"line":266,"column":53},"end":{"line":266,"column":67}},"type":"binary-expr","locations":[{"start":{"line":266,"column":53},"end":{"line":266,"column":62}},{"start":{"line":266,"column":66},"end":{"line":266,"column":67}}],"line":266},"55":{"loc":{"start":{"line":272,"column":16},"end":{"line":272,"column":77}},"type":"binary-expr","locations":[{"start":{"line":272,"column":16},"end":{"line":272,"column":42}},{"start":{"line":272,"column":46},"end":{"line":272,"column":77}}],"line":272},"56":{"loc":{"start":{"line":273,"column":2},"end":{"line":277,"column":3}},"type":"if","locations":[{"start":{"line":273,"column":2},"end":{"line":277,"column":3}},{"start":{},"end":{}}],"line":273},"57":{"loc":{"start":{"line":278,"column":2},"end":{"line":278,"column":68}},"type":"if","locations":[{"start":{"line":278,"column":2},"end":{"line":278,"column":68}},{"start":{},"end":{}}],"line":278},"58":{"loc":{"start":{"line":279,"column":2},"end":{"line":279,"column":70}},"type":"if","locations":[{"start":{"line":279,"column":2},"end":{"line":279,"column":70}},{"start":{},"end":{}}],"line":279},"59":{"loc":{"start":{"line":286,"column":47},"end":{"line":286,"column":67}},"type":"default-arg","locations":[{"start":{"line":286,"column":66},"end":{"line":286,"column":67}}],"line":286},"60":{"loc":{"start":{"line":287,"column":2},"end":{"line":287,"column":32}},"type":"if","locations":[{"start":{"line":287,"column":2},"end":{"line":287,"column":32}},{"start":{},"end":{}}],"line":287},"61":{"loc":{"start":{"line":288,"column":2},"end":{"line":298,"column":3}},"type":"if","locations":[{"start":{"line":288,"column":2},"end":{"line":298,"column":3}},{"start":{},"end":{}}],"line":288},"62":{"loc":{"start":{"line":296,"column":60},"end":{"line":296,"column":74}},"type":"binary-expr","locations":[{"start":{"line":296,"column":60},"end":{"line":296,"column":69}},{"start":{"line":296,"column":73},"end":{"line":296,"column":74}}],"line":296},"63":{"loc":{"start":{"line":299,"column":16},"end":{"line":299,"column":84}},"type":"binary-expr","locations":[{"start":{"line":299,"column":16},"end":{"line":299,"column":42}},{"start":{"line":299,"column":46},"end":{"line":299,"column":84}}],"line":299},"64":{"loc":{"start":{"line":306,"column":2},"end":{"line":321,"column":3}},"type":"if","locations":[{"start":{"line":306,"column":2},"end":{"line":321,"column":3}},{"start":{},"end":{}}],"line":306},"65":{"loc":{"start":{"line":312,"column":25},"end":{"line":312,"column":38}},"type":"binary-expr","locations":[{"start":{"line":312,"column":25},"end":{"line":312,"column":31}},{"start":{"line":312,"column":35},"end":{"line":312,"column":38}}],"line":312},"66":{"loc":{"start":{"line":313,"column":27},"end":{"line":313,"column":38}},"type":"binary-expr","locations":[{"start":{"line":313,"column":27},"end":{"line":313,"column":31}},{"start":{"line":313,"column":35},"end":{"line":313,"column":38}}],"line":313},"67":{"loc":{"start":{"line":319,"column":60},"end":{"line":319,"column":74}},"type":"binary-expr","locations":[{"start":{"line":319,"column":60},"end":{"line":319,"column":69}},{"start":{"line":319,"column":73},"end":{"line":319,"column":74}}],"line":319},"68":{"loc":{"start":{"line":322,"column":16},"end":{"line":322,"column":84}},"type":"binary-expr","locations":[{"start":{"line":322,"column":16},"end":{"line":322,"column":42}},{"start":{"line":322,"column":46},"end":{"line":322,"column":84}}],"line":322},"69":{"loc":{"start":{"line":334,"column":2},"end":{"line":384,"column":3}},"type":"if","locations":[{"start":{"line":334,"column":2},"end":{"line":384,"column":3}},{"start":{},"end":{}}],"line":334},"70":{"loc":{"start":{"line":339,"column":6},"end":{"line":341,"column":7}},"type":"if","locations":[{"start":{"line":339,"column":6},"end":{"line":341,"column":7}},{"start":{},"end":{}}],"line":339},"71":{"loc":{"start":{"line":346,"column":23},"end":{"line":346,"column":116}},"type":"cond-expr","locations":[{"start":{"line":346,"column":58},"end":{"line":346,"column":104}},{"start":{"line":346,"column":107},"end":{"line":346,"column":116}}],"line":346},"72":{"loc":{"start":{"line":347,"column":27},"end":{"line":347,"column":113}},"type":"cond-expr","locations":[{"start":{"line":347,"column":56},"end":{"line":347,"column":96}},{"start":{"line":347,"column":99},"end":{"line":347,"column":113}}],"line":347},"73":{"loc":{"start":{"line":360,"column":6},"end":{"line":377,"column":7}},"type":"if","locations":[{"start":{"line":360,"column":6},"end":{"line":377,"column":7}},{"start":{},"end":{}}],"line":360},"74":{"loc":{"start":{"line":367,"column":26},"end":{"line":367,"column":105}},"type":"cond-expr","locations":[{"start":{"line":367,"column":52},"end":{"line":367,"column":89}},{"start":{"line":367,"column":92},"end":{"line":367,"column":105}}],"line":367},"75":{"loc":{"start":{"line":368,"column":25},"end":{"line":368,"column":108}},"type":"cond-expr","locations":[{"start":{"line":368,"column":50},"end":{"line":368,"column":86}},{"start":{"line":368,"column":89},"end":{"line":368,"column":108}}],"line":368},"76":{"loc":{"start":{"line":375,"column":2},"end":{"line":375,"column":82}},"type":"if","locations":[{"start":{"line":375,"column":2},"end":{"line":375,"column":82}},{"start":{},"end":{}}],"line":375},"77":{"loc":{"start":{"line":381,"column":58},"end":{"line":381,"column":72}},"type":"binary-expr","locations":[{"start":{"line":381,"column":58},"end":{"line":381,"column":67}},{"start":{"line":381,"column":71},"end":{"line":381,"column":72}}],"line":381},"78":{"loc":{"start":{"line":382,"column":78},"end":{"line":382,"column":92}},"type":"binary-expr","locations":[{"start":{"line":382,"column":78},"end":{"line":382,"column":87}},{"start":{"line":382,"column":91},"end":{"line":382,"column":92}}],"line":382},"79":{"loc":{"start":{"line":389,"column":19},"end":{"line":389,"column":112}},"type":"cond-expr","locations":[{"start":{"line":389,"column":54},"end":{"line":389,"column":100}},{"start":{"line":389,"column":103},"end":{"line":389,"column":112}}],"line":389},"80":{"loc":{"start":{"line":390,"column":23},"end":{"line":390,"column":109}},"type":"cond-expr","locations":[{"start":{"line":390,"column":52},"end":{"line":390,"column":92}},{"start":{"line":390,"column":95},"end":{"line":390,"column":109}}],"line":390},"81":{"loc":{"start":{"line":391,"column":16},"end":{"line":391,"column":62}},"type":"binary-expr","locations":[{"start":{"line":391,"column":16},"end":{"line":391,"column":37}},{"start":{"line":391,"column":41},"end":{"line":391,"column":62}}],"line":391},"82":{"loc":{"start":{"line":392,"column":2},"end":{"line":397,"column":3}},"type":"if","locations":[{"start":{"line":392,"column":2},"end":{"line":397,"column":3}},{"start":{"line":395,"column":9},"end":{"line":397,"column":3}}],"line":392},"83":{"loc":{"start":{"line":410,"column":4},"end":{"line":410,"column":36}},"type":"if","locations":[{"start":{"line":410,"column":4},"end":{"line":410,"column":36}},{"start":{},"end":{}}],"line":410},"84":{"loc":{"start":{"line":413,"column":4},"end":{"line":413,"column":73}},"type":"if","locations":[{"start":{"line":413,"column":4},"end":{"line":413,"column":73}},{"start":{},"end":{}}],"line":413},"85":{"loc":{"start":{"line":413,"column":8},"end":{"line":413,"column":57}},"type":"binary-expr","locations":[{"start":{"line":413,"column":8},"end":{"line":413,"column":31}},{"start":{"line":413,"column":35},"end":{"line":413,"column":57}}],"line":413},"86":{"loc":{"start":{"line":420,"column":4},"end":{"line":428,"column":5}},"type":"if","locations":[{"start":{"line":420,"column":4},"end":{"line":428,"column":5}},{"start":{"line":422,"column":11},"end":{"line":428,"column":5}}],"line":420},"87":{"loc":{"start":{"line":420,"column":8},"end":{"line":420,"column":55}},"type":"binary-expr","locations":[{"start":{"line":420,"column":8},"end":{"line":420,"column":34}},{"start":{"line":420,"column":38},"end":{"line":420,"column":55}}],"line":420},"88":{"loc":{"start":{"line":423,"column":21},"end":{"line":423,"column":75}},"type":"binary-expr","locations":[{"start":{"line":423,"column":21},"end":{"line":423,"column":46}},{"start":{"line":423,"column":50},"end":{"line":423,"column":75}}],"line":423},"89":{"loc":{"start":{"line":424,"column":6},"end":{"line":426,"column":7}},"type":"if","locations":[{"start":{"line":424,"column":6},"end":{"line":426,"column":7}},{"start":{},"end":{}}],"line":424},"90":{"loc":{"start":{"line":424,"column":10},"end":{"line":424,"column":80}},"type":"binary-expr","locations":[{"start":{"line":424,"column":10},"end":{"line":424,"column":17}},{"start":{"line":424,"column":21},"end":{"line":424,"column":47}},{"start":{"line":424,"column":51},"end":{"line":424,"column":80}}],"line":424},"91":{"loc":{"start":{"line":430,"column":23},"end":{"line":430,"column":51}},"type":"binary-expr","locations":[{"start":{"line":430,"column":23},"end":{"line":430,"column":45}},{"start":{"line":430,"column":49},"end":{"line":430,"column":51}}],"line":430},"92":{"loc":{"start":{"line":431,"column":26},"end":{"line":431,"column":57}},"type":"binary-expr","locations":[{"start":{"line":431,"column":26},"end":{"line":431,"column":51}},{"start":{"line":431,"column":55},"end":{"line":431,"column":57}}],"line":431},"93":{"loc":{"start":{"line":434,"column":4},"end":{"line":434,"column":58}},"type":"if","locations":[{"start":{"line":434,"column":4},"end":{"line":434,"column":58}},{"start":{},"end":{}}],"line":434},"94":{"loc":{"start":{"line":434,"column":8},"end":{"line":434,"column":42}},"type":"binary-expr","locations":[{"start":{"line":434,"column":8},"end":{"line":434,"column":18}},{"start":{"line":434,"column":22},"end":{"line":434,"column":42}}],"line":434},"95":{"loc":{"start":{"line":437,"column":4},"end":{"line":445,"column":5}},"type":"if","locations":[{"start":{"line":437,"column":4},"end":{"line":445,"column":5}},{"start":{},"end":{}}],"line":437},"96":{"loc":{"start":{"line":437,"column":8},"end":{"line":437,"column":54}},"type":"binary-expr","locations":[{"start":{"line":437,"column":8},"end":{"line":437,"column":18}},{"start":{"line":437,"column":22},"end":{"line":437,"column":26}},{"start":{"line":437,"column":30},"end":{"line":437,"column":54}}],"line":437},"97":{"loc":{"start":{"line":443,"column":8},"end":{"line":443,"column":81}},"type":"if","locations":[{"start":{"line":443,"column":8},"end":{"line":443,"column":81}},{"start":{},"end":{}}],"line":443},"98":{"loc":{"start":{"line":443,"column":12},"end":{"line":443,"column":65}},"type":"binary-expr","locations":[{"start":{"line":443,"column":12},"end":{"line":443,"column":33}},{"start":{"line":443,"column":37},"end":{"line":443,"column":65}}],"line":443},"99":{"loc":{"start":{"line":448,"column":4},"end":{"line":453,"column":5}},"type":"if","locations":[{"start":{"line":448,"column":4},"end":{"line":453,"column":5}},{"start":{},"end":{}}],"line":448},"100":{"loc":{"start":{"line":448,"column":8},"end":{"line":448,"column":35}},"type":"binary-expr","locations":[{"start":{"line":448,"column":8},"end":{"line":448,"column":18}},{"start":{"line":448,"column":22},"end":{"line":448,"column":35}}],"line":448},"101":{"loc":{"start":{"line":451,"column":8},"end":{"line":451,"column":47}},"type":"if","locations":[{"start":{"line":451,"column":8},"end":{"line":451,"column":47}},{"start":{},"end":{}}],"line":451},"102":{"loc":{"start":{"line":457,"column":62},"end":{"line":457,"column":76}},"type":"binary-expr","locations":[{"start":{"line":457,"column":62},"end":{"line":457,"column":71}},{"start":{"line":457,"column":75},"end":{"line":457,"column":76}}],"line":457},"103":{"loc":{"start":{"line":465,"column":31},"end":{"line":465,"column":73}},"type":"binary-expr","locations":[{"start":{"line":465,"column":31},"end":{"line":465,"column":65}},{"start":{"line":465,"column":69},"end":{"line":465,"column":73}}],"line":465},"104":{"loc":{"start":{"line":466,"column":36},"end":{"line":466,"column":83}},"type":"binary-expr","locations":[{"start":{"line":466,"column":36},"end":{"line":466,"column":75}},{"start":{"line":466,"column":79},"end":{"line":466,"column":83}}],"line":466},"105":{"loc":{"start":{"line":467,"column":33},"end":{"line":467,"column":74}},"type":"binary-expr","locations":[{"start":{"line":467,"column":33},"end":{"line":467,"column":68}},{"start":{"line":467,"column":72},"end":{"line":467,"column":74}}],"line":467},"106":{"loc":{"start":{"line":472,"column":20},"end":{"line":474,"column":73}},"type":"cond-expr","locations":[{"start":{"line":473,"column":4},"end":{"line":473,"column":27}},{"start":{"line":474,"column":4},"end":{"line":474,"column":73}}],"line":472},"107":{"loc":{"start":{"line":476,"column":32},"end":{"line":476,"column":164}},"type":"cond-expr","locations":[{"start":{"line":476,"column":82},"end":{"line":476,"column":87}},{"start":{"line":476,"column":91},"end":{"line":476,"column":163}}],"line":476},"108":{"loc":{"start":{"line":476,"column":91},"end":{"line":476,"column":163}},"type":"binary-expr","locations":[{"start":{"line":476,"column":91},"end":{"line":476,"column":137}},{"start":{"line":476,"column":141},"end":{"line":476,"column":163}}],"line":476},"109":{"loc":{"start":{"line":477,"column":31},"end":{"line":477,"column":88}},"type":"binary-expr","locations":[{"start":{"line":477,"column":31},"end":{"line":477,"column":65}},{"start":{"line":477,"column":69},"end":{"line":477,"column":88}}],"line":477},"110":{"loc":{"start":{"line":478,"column":31},"end":{"line":478,"column":132}},"type":"cond-expr","locations":[{"start":{"line":478,"column":68},"end":{"line":478,"column":116}},{"start":{"line":478,"column":119},"end":{"line":478,"column":132}}],"line":478},"111":{"loc":{"start":{"line":484,"column":2},"end":{"line":493,"column":3}},"type":"if","locations":[{"start":{"line":484,"column":2},"end":{"line":493,"column":3}},{"start":{},"end":{}}],"line":484},"112":{"loc":{"start":{"line":487,"column":6},"end":{"line":487,"column":30}},"type":"if","locations":[{"start":{"line":487,"column":6},"end":{"line":487,"column":30}},{"start":{},"end":{}}],"line":487},"113":{"loc":{"start":{"line":491,"column":54},"end":{"line":491,"column":68}},"type":"binary-expr","locations":[{"start":{"line":491,"column":54},"end":{"line":491,"column":63}},{"start":{"line":491,"column":67},"end":{"line":491,"column":68}}],"line":491},"114":{"loc":{"start":{"line":494,"column":2},"end":{"line":494,"column":40}},"type":"if","locations":[{"start":{"line":494,"column":2},"end":{"line":494,"column":40}},{"start":{},"end":{}}],"line":494},"115":{"loc":{"start":{"line":498,"column":2},"end":{"line":498,"column":47}},"type":"if","locations":[{"start":{"line":498,"column":2},"end":{"line":498,"column":47}},{"start":{},"end":{}}],"line":498},"116":{"loc":{"start":{"line":504,"column":4},"end":{"line":504,"column":48}},"type":"if","locations":[{"start":{"line":504,"column":4},"end":{"line":504,"column":48}},{"start":{},"end":{}}],"line":504},"117":{"loc":{"start":{"line":505,"column":4},"end":{"line":508,"column":5}},"type":"if","locations":[{"start":{"line":505,"column":4},"end":{"line":508,"column":5}},{"start":{},"end":{}}],"line":505},"118":{"loc":{"start":{"line":505,"column":8},"end":{"line":505,"column":48}},"type":"binary-expr","locations":[{"start":{"line":505,"column":8},"end":{"line":505,"column":20}},{"start":{"line":505,"column":24},"end":{"line":505,"column":48}}],"line":505},"119":{"loc":{"start":{"line":510,"column":4},"end":{"line":510,"column":118}},"type":"if","locations":[{"start":{"line":510,"column":4},"end":{"line":510,"column":118}},{"start":{},"end":{}}],"line":510},"120":{"loc":{"start":{"line":510,"column":8},"end":{"line":510,"column":45}},"type":"binary-expr","locations":[{"start":{"line":510,"column":8},"end":{"line":510,"column":15}},{"start":{"line":510,"column":19},"end":{"line":510,"column":45}}],"line":510},"121":{"loc":{"start":{"line":512,"column":4},"end":{"line":512,"column":106}},"type":"if","locations":[{"start":{"line":512,"column":4},"end":{"line":512,"column":106}},{"start":{},"end":{}}],"line":512},"122":{"loc":{"start":{"line":515,"column":4},"end":{"line":515,"column":107}},"type":"if","locations":[{"start":{"line":515,"column":4},"end":{"line":515,"column":107}},{"start":{},"end":{}}],"line":515},"123":{"loc":{"start":{"line":517,"column":4},"end":{"line":517,"column":124}},"type":"if","locations":[{"start":{"line":517,"column":4},"end":{"line":517,"column":124}},{"start":{},"end":{}}],"line":517},"124":{"loc":{"start":{"line":519,"column":29},"end":{"line":519,"column":46}},"type":"binary-expr","locations":[{"start":{"line":519,"column":29},"end":{"line":519,"column":40}},{"start":{"line":519,"column":44},"end":{"line":519,"column":46}}],"line":519},"125":{"loc":{"start":{"line":525,"column":8},"end":{"line":528,"column":9}},"type":"if","locations":[{"start":{"line":525,"column":8},"end":{"line":528,"column":9}},{"start":{},"end":{}}],"line":525},"126":{"loc":{"start":{"line":531,"column":4},"end":{"line":531,"column":93}},"type":"if","locations":[{"start":{"line":531,"column":4},"end":{"line":531,"column":93}},{"start":{},"end":{}}],"line":531},"127":{"loc":{"start":{"line":535,"column":4},"end":{"line":535,"column":95}},"type":"if","locations":[{"start":{"line":535,"column":4},"end":{"line":535,"column":95}},{"start":{},"end":{}}],"line":535},"128":{"loc":{"start":{"line":539,"column":61},"end":{"line":539,"column":75}},"type":"binary-expr","locations":[{"start":{"line":539,"column":61},"end":{"line":539,"column":70}},{"start":{"line":539,"column":74},"end":{"line":539,"column":75}}],"line":539},"129":{"loc":{"start":{"line":546,"column":2},"end":{"line":546,"column":101}},"type":"if","locations":[{"start":{"line":546,"column":2},"end":{"line":546,"column":101}},{"start":{},"end":{}}],"line":546},"130":{"loc":{"start":{"line":551,"column":70},"end":{"line":551,"column":92}},"type":"binary-expr","locations":[{"start":{"line":551,"column":70},"end":{"line":551,"column":79}},{"start":{"line":551,"column":83},"end":{"line":551,"column":92}}],"line":551},"131":{"loc":{"start":{"line":557,"column":17},"end":{"line":557,"column":31}},"type":"binary-expr","locations":[{"start":{"line":557,"column":17},"end":{"line":557,"column":25}},{"start":{"line":557,"column":29},"end":{"line":557,"column":31}}],"line":557},"132":{"loc":{"start":{"line":559,"column":4},"end":{"line":562,"column":5}},"type":"if","locations":[{"start":{"line":559,"column":4},"end":{"line":562,"column":5}},{"start":{},"end":{}}],"line":559},"133":{"loc":{"start":{"line":566,"column":21},"end":{"line":566,"column":77}},"type":"cond-expr","locations":[{"start":{"line":566,"column":52},"end":{"line":566,"column":65}},{"start":{"line":566,"column":68},"end":{"line":566,"column":77}}],"line":566},"134":{"loc":{"start":{"line":567,"column":23},"end":{"line":567,"column":88}},"type":"cond-expr","locations":[{"start":{"line":567,"column":61},"end":{"line":567,"column":76}},{"start":{"line":567,"column":79},"end":{"line":567,"column":88}}],"line":567},"135":{"loc":{"start":{"line":568,"column":22},"end":{"line":568,"column":87}},"type":"binary-expr","locations":[{"start":{"line":568,"column":22},"end":{"line":568,"column":32}},{"start":{"line":568,"column":37},"end":{"line":568,"column":45}},{"start":{"line":568,"column":49},"end":{"line":568,"column":61}},{"start":{"line":568,"column":66},"end":{"line":568,"column":72}},{"start":{"line":568,"column":76},"end":{"line":568,"column":87}}],"line":568},"136":{"loc":{"start":{"line":571,"column":4},"end":{"line":573,"column":5}},"type":"if","locations":[{"start":{"line":571,"column":4},"end":{"line":573,"column":5}},{"start":{},"end":{}}],"line":571},"137":{"loc":{"start":{"line":578,"column":4},"end":{"line":581,"column":5}},"type":"if","locations":[{"start":{"line":578,"column":4},"end":{"line":581,"column":5}},{"start":{},"end":{}}],"line":578},"138":{"loc":{"start":{"line":584,"column":4},"end":{"line":587,"column":5}},"type":"if","locations":[{"start":{"line":584,"column":4},"end":{"line":587,"column":5}},{"start":{},"end":{}}],"line":584},"139":{"loc":{"start":{"line":590,"column":20},"end":{"line":590,"column":59}},"type":"cond-expr","locations":[{"start":{"line":590,"column":46},"end":{"line":590,"column":54}},{"start":{"line":590,"column":57},"end":{"line":590,"column":59}}],"line":590},"140":{"loc":{"start":{"line":591,"column":23},"end":{"line":591,"column":108}},"type":"cond-expr","locations":[{"start":{"line":591,"column":40},"end":{"line":591,"column":58}},{"start":{"line":591,"column":61},"end":{"line":591,"column":108}}],"line":591},"141":{"loc":{"start":{"line":612,"column":4},"end":{"line":618,"column":5}},"type":"if","locations":[{"start":{"line":612,"column":4},"end":{"line":618,"column":5}},{"start":{},"end":{}}],"line":612},"142":{"loc":{"start":{"line":616,"column":6},"end":{"line":616,"column":92}},"type":"if","locations":[{"start":{"line":616,"column":6},"end":{"line":616,"column":92}},{"start":{},"end":{}}],"line":616},"143":{"loc":{"start":{"line":621,"column":48},"end":{"line":621,"column":76}},"type":"binary-expr","locations":[{"start":{"line":621,"column":48},"end":{"line":621,"column":52}},{"start":{"line":621,"column":56},"end":{"line":621,"column":76}}],"line":621},"144":{"loc":{"start":{"line":627,"column":58},"end":{"line":627,"column":76}},"type":"binary-expr","locations":[{"start":{"line":627,"column":58},"end":{"line":627,"column":69}},{"start":{"line":627,"column":73},"end":{"line":627,"column":76}}],"line":627},"145":{"loc":{"start":{"line":628,"column":6},"end":{"line":628,"column":47}},"type":"if","locations":[{"start":{"line":628,"column":6},"end":{"line":628,"column":47}},{"start":{},"end":{}}],"line":628},"146":{"loc":{"start":{"line":636,"column":17},"end":{"line":636,"column":31}},"type":"binary-expr","locations":[{"start":{"line":636,"column":17},"end":{"line":636,"column":25}},{"start":{"line":636,"column":29},"end":{"line":636,"column":31}}],"line":636},"147":{"loc":{"start":{"line":638,"column":4},"end":{"line":641,"column":5}},"type":"if","locations":[{"start":{"line":638,"column":4},"end":{"line":641,"column":5}},{"start":{},"end":{}}],"line":638},"148":{"loc":{"start":{"line":644,"column":23},"end":{"line":644,"column":88}},"type":"cond-expr","locations":[{"start":{"line":644,"column":61},"end":{"line":644,"column":76}},{"start":{"line":644,"column":79},"end":{"line":644,"column":88}}],"line":644},"149":{"loc":{"start":{"line":645,"column":22},"end":{"line":645,"column":87}},"type":"binary-expr","locations":[{"start":{"line":645,"column":22},"end":{"line":645,"column":32}},{"start":{"line":645,"column":37},"end":{"line":645,"column":45}},{"start":{"line":645,"column":49},"end":{"line":645,"column":61}},{"start":{"line":645,"column":66},"end":{"line":645,"column":72}},{"start":{"line":645,"column":76},"end":{"line":645,"column":87}}],"line":645},"150":{"loc":{"start":{"line":648,"column":4},"end":{"line":648,"column":84}},"type":"if","locations":[{"start":{"line":648,"column":4},"end":{"line":648,"column":84}},{"start":{},"end":{}}],"line":648},"151":{"loc":{"start":{"line":651,"column":4},"end":{"line":654,"column":5}},"type":"if","locations":[{"start":{"line":651,"column":4},"end":{"line":654,"column":5}},{"start":{},"end":{}}],"line":651},"152":{"loc":{"start":{"line":659,"column":4},"end":{"line":659,"column":86}},"type":"if","locations":[{"start":{"line":659,"column":4},"end":{"line":659,"column":86}},{"start":{},"end":{}}],"line":659},"153":{"loc":{"start":{"line":672,"column":25},"end":{"line":672,"column":93}},"type":"binary-expr","locations":[{"start":{"line":672,"column":25},"end":{"line":672,"column":87}},{"start":{"line":672,"column":91},"end":{"line":672,"column":93}}],"line":672},"154":{"loc":{"start":{"line":673,"column":4},"end":{"line":676,"column":5}},"type":"if","locations":[{"start":{"line":673,"column":4},"end":{"line":676,"column":5}},{"start":{},"end":{}}],"line":673},"155":{"loc":{"start":{"line":687,"column":27},"end":{"line":687,"column":90}},"type":"binary-expr","locations":[{"start":{"line":687,"column":27},"end":{"line":687,"column":84}},{"start":{"line":687,"column":88},"end":{"line":687,"column":90}}],"line":687},"156":{"loc":{"start":{"line":689,"column":4},"end":{"line":692,"column":5}},"type":"if","locations":[{"start":{"line":689,"column":4},"end":{"line":692,"column":5}},{"start":{},"end":{}}],"line":689},"157":{"loc":{"start":{"line":703,"column":22},"end":{"line":703,"column":84}},"type":"binary-expr","locations":[{"start":{"line":703,"column":22},"end":{"line":703,"column":78}},{"start":{"line":703,"column":82},"end":{"line":703,"column":84}}],"line":703},"158":{"loc":{"start":{"line":705,"column":4},"end":{"line":708,"column":5}},"type":"if","locations":[{"start":{"line":705,"column":4},"end":{"line":708,"column":5}},{"start":{},"end":{}}],"line":705},"159":{"loc":{"start":{"line":716,"column":56},"end":{"line":716,"column":70}},"type":"binary-expr","locations":[{"start":{"line":716,"column":56},"end":{"line":716,"column":65}},{"start":{"line":716,"column":69},"end":{"line":716,"column":70}}],"line":716},"160":{"loc":{"start":{"line":724,"column":16},"end":{"line":724,"column":70}},"type":"binary-expr","locations":[{"start":{"line":724,"column":16},"end":{"line":724,"column":36}},{"start":{"line":724,"column":40},"end":{"line":724,"column":60}},{"start":{"line":724,"column":64},"end":{"line":724,"column":70}}],"line":724},"161":{"loc":{"start":{"line":733,"column":0},"end":{"line":735,"column":1}},"type":"if","locations":[{"start":{"line":733,"column":0},"end":{"line":735,"column":1}},{"start":{},"end":{}}],"line":733},"162":{"loc":{"start":{"line":738,"column":0},"end":{"line":744,"column":1}},"type":"if","locations":[{"start":{"line":738,"column":0},"end":{"line":744,"column":1}},{"start":{},"end":{}}],"line":738},"163":{"loc":{"start":{"line":739,"column":2},"end":{"line":741,"column":3}},"type":"if","locations":[{"start":{"line":739,"column":2},"end":{"line":741,"column":3}},{"start":{},"end":{}}],"line":739},"164":{"loc":{"start":{"line":739,"column":6},"end":{"line":739,"column":99}},"type":"binary-expr","locations":[{"start":{"line":739,"column":6},"end":{"line":739,"column":43}},{"start":{"line":739,"column":47},"end":{"line":739,"column":99}}],"line":739},"165":{"loc":{"start":{"line":742,"column":15},"end":{"line":742,"column":39}},"type":"binary-expr","locations":[{"start":{"line":742,"column":15},"end":{"line":742,"column":31}},{"start":{"line":742,"column":35},"end":{"line":742,"column":39}}],"line":742}},"s":{"0":8,"1":8,"2":8,"3":8,"4":8,"5":8,"6":8,"7":8,"8":8,"9":0,"10":8,"11":11,"12":11,"13":0,"14":0,"15":0,"16":0,"17":0,"18":8,"19":10,"20":8,"21":8,"22":0,"23":0,"24":0,"25":0,"26":0,"27":0,"28":0,"29":8,"30":11,"31":11,"32":11,"33":11,"34":11,"35":8,"36":8,"37":8,"38":0,"39":8,"40":0,"41":0,"42":0,"43":0,"44":0,"45":0,"46":0,"47":0,"48":0,"49":0,"50":0,"51":0,"52":0,"53":8,"54":8,"55":8,"56":8,"57":8,"58":8,"59":0,"60":0,"61":0,"62":0,"63":0,"64":0,"65":8,"66":0,"67":0,"68":8,"69":8,"70":0,"71":0,"72":8,"73":8,"74":8,"75":8,"76":0,"77":0,"78":0,"79":0,"80":0,"81":8,"82":8,"83":8,"84":8,"85":8,"86":8,"87":0,"88":0,"89":0,"90":4,"91":0,"92":4,"93":0,"94":0,"95":0,"96":0,"97":0,"98":0,"99":0,"100":4,"101":4,"102":0,"103":0,"104":4,"105":8,"106":8,"107":8,"108":0,"109":0,"110":0,"111":0,"112":0,"113":0,"114":0,"115":0,"116":0,"117":0,"118":0,"119":0,"120":0,"121":0,"122":0,"123":0,"124":0,"125":0,"126":0,"127":0,"128":0,"129":0,"130":0,"131":0,"132":0,"133":0,"134":0,"135":0,"136":0,"137":8,"138":8,"139":8,"140":8,"141":8,"142":8,"143":8,"144":8,"145":4,"146":0,"147":0,"148":0,"149":0,"150":0,"151":0,"152":0,"153":0,"154":0,"155":0,"156":0,"157":0,"158":0,"159":0,"160":0,"161":0,"162":0,"163":0,"164":4,"165":4,"166":4,"167":0,"168":0,"169":0,"170":4,"171":0,"172":4,"173":0,"174":4,"175":4,"176":4,"177":4,"178":0,"179":0,"180":0,"181":0,"182":0,"183":0,"184":0,"185":0,"186":0,"187":0,"188":0,"189":0,"190":0,"191":0,"192":0,"193":0,"194":0,"195":0,"196":0,"197":0,"198":0,"199":0,"200":6,"201":0,"202":0,"203":0,"204":0,"205":0,"206":0,"207":0,"208":0,"209":0,"210":0,"211":0,"212":0,"213":0,"214":0,"215":0,"216":0,"217":0,"218":0,"219":0,"220":0,"221":0,"222":0,"223":0,"224":0,"225":0,"226":0,"227":0,"228":0,"229":6,"230":6,"231":6,"232":6,"233":6,"234":0,"235":0,"236":6,"237":6,"238":6,"239":8,"240":11,"241":11,"242":11,"243":11,"244":0,"245":0,"246":0,"247":0,"248":0,"249":0,"250":0,"251":0,"252":0,"253":0,"254":0,"255":0,"256":0,"257":0,"258":0,"259":0,"260":0,"261":0,"262":0,"263":0,"264":0,"265":0,"266":0,"267":0,"268":0,"269":0,"270":0,"271":0,"272":0,"273":0,"274":8,"275":8,"276":8,"277":8,"278":8,"279":8,"280":8,"281":8,"282":8,"283":7,"284":0,"285":0,"286":0,"287":0,"288":0,"289":0,"290":0,"291":7,"292":1,"293":6,"294":6,"295":0,"296":6,"297":6,"298":6,"299":8,"300":11,"301":11,"302":1,"303":10,"304":0,"305":0,"306":10,"307":10,"308":1,"309":9,"310":9,"311":0,"312":9,"313":9,"314":9,"315":0,"316":9,"317":9,"318":1,"319":8,"320":8,"321":8,"322":8,"323":8,"324":8,"325":7,"326":7,"327":8,"328":1,"329":7,"330":7,"331":1,"332":6,"333":0,"334":0,"335":8,"336":1,"337":1,"338":1,"339":0,"340":0,"341":0,"342":0,"343":8,"344":6,"345":6,"346":6,"347":6,"348":0,"349":0,"350":6,"351":6,"352":6,"353":6,"354":6,"355":6,"356":2,"357":4,"358":4,"359":4,"360":0,"361":0,"362":4,"363":4,"364":4,"365":4,"366":0,"367":0,"368":0,"369":0,"370":0,"371":0,"372":0,"373":0,"374":0,"375":0,"376":0,"377":0,"378":0,"379":0,"380":0,"381":0,"382":0,"383":0,"384":0,"385":0,"386":0,"387":0,"388":0,"389":8,"390":0,"391":0,"392":0,"393":0,"394":0,"395":0,"396":0,"397":0,"398":0,"399":0,"400":0,"401":0,"402":0,"403":0,"404":0,"405":0,"406":0,"407":0,"408":0,"409":0,"410":0,"411":0,"412":0,"413":0,"414":0,"415":0,"416":0,"417":0,"418":0,"419":0,"420":0,"421":0,"422":0,"423":0,"424":0,"425":0,"426":0,"427":0,"428":0,"429":0,"430":0,"431":0,"432":0,"433":0,"434":0,"435":0,"436":0,"437":0,"438":0,"439":0,"440":0,"441":8,"442":0,"443":0,"444":0,"445":0,"446":0,"447":8,"448":0,"449":8,"450":0,"451":0,"452":0,"453":0,"454":0,"455":8,"456":8,"457":8,"458":0,"459":8},"f":{"0":0,"1":11,"2":10,"3":11,"4":11,"5":0,"6":0,"7":4,"8":0,"9":0,"10":0,"11":0,"12":4,"13":0,"14":0,"15":6,"16":11,"17":8,"18":7,"19":0,"20":11,"21":1,"22":6,"23":0,"24":0,"25":0},"b":{"0":[0,8],"1":[11,0],"2":[0,0],"3":[0,0],"4":[10,0],"5":[10,10],"6":[0,8],"7":[0,0],"8":[0],"9":[0,0],"10":[0,0],"11":[0,0],"12":[0,0],"13":[8,0],"14":[8,8],"15":[0,8],"16":[0,0],"17":[0,8],"18":[0,0],"19":[8,8],"20":[0,8],"21":[0,0],"22":[8,8],"23":[0,8],"24":[0,4],"25":[0,4],"26":[4,0],"27":[0,0],"28":[0,0],"29":[0,0],"30":[0,0],"31":[4,4],"32":[0,4],"33":[0,8],"34":[0,8],"35":[0,8],"36":[0],"37":[0],"38":[0,0],"39":[0,0],"40":[0,0],"41":[0,0],"42":[0,0],"43":[0,0],"44":[0,8],"45":[2,6],"46":[2,6],"47":[0],"48":[0],"49":[0,4],"50":[0,0],"51":[0,0],"52":[0,0],"53":[0,0],"54":[0,0],"55":[4,4],"56":[0,4],"57":[0,4],"58":[0,4],"59":[0],"60":[0,0],"61":[0,0],"62":[0,0],"63":[0,0],"64":[0,0],"65":[0,0],"66":[0,0],"67":[0,0],"68":[0,0],"69":[0,6],"70":[0,0],"71":[0,0],"72":[0,0],"73":[0,0],"74":[0,0],"75":[0,0],"76":[0,0],"77":[0,0],"78":[0,0],"79":[4,2],"80":[4,2],"81":[6,4],"82":[0,6],"83":[11,0],"84":[0,0],"85":[0,0],"86":[0,0],"87":[0,0],"88":[0,0],"89":[0,0],"90":[0,0,0],"91":[0,0],"92":[0,0],"93":[0,0],"94":[0,0],"95":[0,0],"96":[0,0,0],"97":[0,0],"98":[0,0],"99":[0,0],"100":[0,0],"101":[0,0],"102":[0,0],"103":[8,1],"104":[8,8],"105":[8,8],"106":[0,8],"107":[0,8],"108":[8,1],"109":[8,8],"110":[0,8],"111":[0,7],"112":[0,0],"113":[0,0],"114":[1,6],"115":[6,0],"116":[1,10],"117":[0,10],"118":[10,10],"119":[1,9],"120":[10,9],"121":[0,9],"122":[0,9],"123":[1,8],"124":[8,0],"125":[7,0],"126":[1,7],"127":[1,6],"128":[0,0],"129":[1,0],"130":[0,0],"131":[6,0],"132":[0,6],"133":[0,6],"134":[4,2],"135":[6,2,0,2,0],"136":[2,4],"137":[0,4],"138":[4,0],"139":[0,0],"140":[0,0],"141":[0,0],"142":[0,0],"143":[0,0],"144":[0,0],"145":[0,0],"146":[0,0],"147":[0,0],"148":[0,0],"149":[0,0,0,0,0],"150":[0,0],"151":[0,0],"152":[0,0],"153":[0,0],"154":[0,0],"155":[0,0],"156":[0,0],"157":[0,0],"158":[0,0],"159":[0,0],"160":[0,0,0],"161":[0,8],"162":[0,8],"163":[0,0],"164":[0,0],"165":[0,0]},"_coverageSchema":"1a1c01bbd47fc00a2c39e90264f33305004495a9","hash":"229cfdbeac1340ad72f5ab941af766cea857f7b6"}
,"/Users/muhammadafzal/Downloads/SIde Projects/card2sheet/bizcard_proxy/functions/utils/parser.js": {"path":"/Users/muhammadafzal/Downloads/SIde Projects/card2sheet/bizcard_proxy/functions/utils/parser.js","statementMap":{"0":{"start":{"line":4,"column":25},"end":{"line":4,"column":105}},"1":{"start":{"line":5,"column":29},"end":{"line":5,"column":115}},"2":{"start":{"line":6,"column":32},"end":{"line":6,"column":124}},"3":{"start":{"line":7,"column":22},"end":{"line":7,"column":94}},"4":{"start":{"line":8,"column":26},"end":{"line":8,"column":47}},"5":{"start":{"line":11,"column":2},"end":{"line":11,"column":49}},"6":{"start":{"line":11,"column":39},"end":{"line":11,"column":49}},"7":{"start":{"line":14,"column":18},"end":{"line":14,"column":83}},"8":{"start":{"line":15,"column":2},"end":{"line":15,"column":17}},"9":{"start":{"line":19,"column":2},"end":{"line":19,"column":42}},"10":{"start":{"line":19,"column":32},"end":{"line":19,"column":42}},"11":{"start":{"line":20,"column":14},"end":{"line":20,"column":16}},"12":{"start":{"line":21,"column":2},"end":{"line":27,"column":3}},"13":{"start":{"line":22,"column":4},"end":{"line":22,"column":40}},"14":{"start":{"line":22,"column":31},"end":{"line":22,"column":40}},"15":{"start":{"line":23,"column":4},"end":{"line":23,"column":59}},"16":{"start":{"line":23,"column":50},"end":{"line":23,"column":59}},"17":{"start":{"line":24,"column":4},"end":{"line":24,"column":45}},"18":{"start":{"line":24,"column":36},"end":{"line":24,"column":45}},"19":{"start":{"line":25,"column":4},"end":{"line":25,"column":16}},"20":{"start":{"line":26,"column":4},"end":{"line":26,"column":50}},"21":{"start":{"line":26,"column":44},"end":{"line":26,"column":50}},"22":{"start":{"line":28,"column":2},"end":{"line":28,"column":13}},"23":{"start":{"line":32,"column":2},"end":{"line":32,"column":63}},"24":{"start":{"line":32,"column":41},"end":{"line":32,"column":63}},"25":{"start":{"line":33,"column":15},"end":{"line":33,"column":38}},"26":{"start":{"line":34,"column":2},"end":{"line":34,"column":60}},"27":{"start":{"line":34,"column":35},"end":{"line":34,"column":60}},"28":{"start":{"line":36,"column":14},"end":{"line":36,"column":27}},"29":{"start":{"line":37,"column":2},"end":{"line":37,"column":65}},"30":{"start":{"line":37,"column":39},"end":{"line":37,"column":65}},"31":{"start":{"line":38,"column":2},"end":{"line":38,"column":64}},"32":{"start":{"line":38,"column":37},"end":{"line":38,"column":64}},"33":{"start":{"line":40,"column":2},"end":{"line":42,"column":3}},"34":{"start":{"line":41,"column":4},"end":{"line":41,"column":67}},"35":{"start":{"line":41,"column":38},"end":{"line":41,"column":67}},"36":{"start":{"line":44,"column":2},"end":{"line":52,"column":3}},"37":{"start":{"line":45,"column":4},"end":{"line":45,"column":72}},"38":{"start":{"line":45,"column":39},"end":{"line":45,"column":72}},"39":{"start":{"line":46,"column":4},"end":{"line":46,"column":88}},"40":{"start":{"line":46,"column":53},"end":{"line":46,"column":88}},"41":{"start":{"line":47,"column":4},"end":{"line":51,"column":5}},"42":{"start":{"line":48,"column":6},"end":{"line":48,"column":71}},"43":{"start":{"line":48,"column":33},"end":{"line":48,"column":71}},"44":{"start":{"line":49,"column":6},"end":{"line":49,"column":96}},"45":{"start":{"line":49,"column":64},"end":{"line":49,"column":96}},"46":{"start":{"line":50,"column":6},"end":{"line":50,"column":77}},"47":{"start":{"line":50,"column":38},"end":{"line":50,"column":77}},"48":{"start":{"line":54,"column":2},"end":{"line":54,"column":14}},"49":{"start":{"line":58,"column":2},"end":{"line":58,"column":48}},"50":{"start":{"line":58,"column":39},"end":{"line":58,"column":48}},"51":{"start":{"line":60,"column":2},"end":{"line":60,"column":48}},"52":{"start":{"line":64,"column":2},"end":{"line":64,"column":25}},"53":{"start":{"line":64,"column":13},"end":{"line":64,"column":25}},"54":{"start":{"line":65,"column":16},"end":{"line":65,"column":33}},"55":{"start":{"line":66,"column":14},"end":{"line":66,"column":35}},"56":{"start":{"line":67,"column":2},"end":{"line":74,"column":3}},"57":{"start":{"line":68,"column":23},"end":{"line":68,"column":53}},"58":{"start":{"line":69,"column":4},"end":{"line":73,"column":5}},"59":{"start":{"line":70,"column":6},"end":{"line":70,"column":36}},"60":{"start":{"line":72,"column":6},"end":{"line":72,"column":18}},"61":{"start":{"line":75,"column":2},"end":{"line":75,"column":14}},"62":{"start":{"line":79,"column":2},"end":{"line":83,"column":3}},"63":{"start":{"line":80,"column":4},"end":{"line":80,"column":27}},"64":{"start":{"line":82,"column":4},"end":{"line":82,"column":20}},"65":{"start":{"line":87,"column":31},"end":{"line":87,"column":45}},"66":{"start":{"line":89,"column":0},"end":{"line":97,"column":2}}},"fnMap":{"0":{"name":"sanitizeRawText","decl":{"start":{"line":10,"column":9},"end":{"line":10,"column":24}},"loc":{"start":{"line":10,"column":30},"end":{"line":16,"column":1}},"line":10},"1":{"name":"sanitizeTemplateHeaders","decl":{"start":{"line":18,"column":9},"end":{"line":18,"column":32}},"loc":{"start":{"line":18,"column":43},"end":{"line":29,"column":1}},"line":18},"2":{"name":"validateRequest","decl":{"start":{"line":31,"column":9},"end":{"line":31,"column":24}},"loc":{"start":{"line":31,"column":31},"end":{"line":55,"column":1}},"line":31},"3":{"name":"estimateTokens","decl":{"start":{"line":57,"column":9},"end":{"line":57,"column":23}},"loc":{"start":{"line":57,"column":29},"end":{"line":61,"column":1}},"line":57},"4":{"name":"extractJsonFromText","decl":{"start":{"line":63,"column":9},"end":{"line":63,"column":28}},"loc":{"start":{"line":63,"column":35},"end":{"line":76,"column":1}},"line":63},"5":{"name":"safeJsonParse","decl":{"start":{"line":78,"column":9},"end":{"line":78,"column":22}},"loc":{"start":{"line":78,"column":45},"end":{"line":84,"column":1}},"line":78}},"branchMap":{"0":{"loc":{"start":{"line":4,"column":25},"end":{"line":4,"column":105}},"type":"cond-expr","locations":[{"start":{"line":4,"column":56},"end":{"line":4,"column":98}},{"start":{"line":4,"column":101},"end":{"line":4,"column":105}}],"line":4},"1":{"loc":{"start":{"line":5,"column":29},"end":{"line":5,"column":115}},"type":"cond-expr","locations":[{"start":{"line":5,"column":64},"end":{"line":5,"column":110}},{"start":{"line":5,"column":113},"end":{"line":5,"column":115}}],"line":5},"2":{"loc":{"start":{"line":6,"column":32},"end":{"line":6,"column":124}},"type":"cond-expr","locations":[{"start":{"line":6,"column":70},"end":{"line":6,"column":119}},{"start":{"line":6,"column":122},"end":{"line":6,"column":124}}],"line":6},"3":{"loc":{"start":{"line":7,"column":22},"end":{"line":7,"column":94}},"type":"cond-expr","locations":[{"start":{"line":7,"column":50},"end":{"line":7,"column":89}},{"start":{"line":7,"column":92},"end":{"line":7,"column":94}}],"line":7},"4":{"loc":{"start":{"line":11,"column":2},"end":{"line":11,"column":49}},"type":"if","locations":[{"start":{"line":11,"column":2},"end":{"line":11,"column":49}},{"start":{},"end":{}}],"line":11},"5":{"loc":{"start":{"line":11,"column":6},"end":{"line":11,"column":37}},"type":"binary-expr","locations":[{"start":{"line":11,"column":6},"end":{"line":11,"column":10}},{"start":{"line":11,"column":14},"end":{"line":11,"column":37}}],"line":11},"6":{"loc":{"start":{"line":19,"column":2},"end":{"line":19,"column":42}},"type":"if","locations":[{"start":{"line":19,"column":2},"end":{"line":19,"column":42}},{"start":{},"end":{}}],"line":19},"7":{"loc":{"start":{"line":22,"column":4},"end":{"line":22,"column":40}},"type":"if","locations":[{"start":{"line":22,"column":4},"end":{"line":22,"column":40}},{"start":{},"end":{}}],"line":22},"8":{"loc":{"start":{"line":23,"column":4},"end":{"line":23,"column":59}},"type":"if","locations":[{"start":{"line":23,"column":4},"end":{"line":23,"column":59}},{"start":{},"end":{}}],"line":23},"9":{"loc":{"start":{"line":23,"column":8},"end":{"line":23,"column":48}},"type":"binary-expr","locations":[{"start":{"line":23,"column":8},"end":{"line":23,"column":10}},{"start":{"line":23,"column":14},"end":{"line":23,"column":48}}],"line":23},"10":{"loc":{"start":{"line":24,"column":4},"end":{"line":24,"column":45}},"type":"if","locations":[{"start":{"line":24,"column":4},"end":{"line":24,"column":45}},{"start":{},"end":{}}],"line":24},"11":{"loc":{"start":{"line":26,"column":4},"end":{"line":26,"column":50}},"type":"if","locations":[{"start":{"line":26,"column":4},"end":{"line":26,"column":50}},{"start":{},"end":{}}],"line":26},"12":{"loc":{"start":{"line":32,"column":2},"end":{"line":32,"column":63}},"type":"if","locations":[{"start":{"line":32,"column":2},"end":{"line":32,"column":63}},{"start":{},"end":{}}],"line":32},"13":{"loc":{"start":{"line":32,"column":6},"end":{"line":32,"column":39}},"type":"binary-expr","locations":[{"start":{"line":32,"column":6},"end":{"line":32,"column":11}},{"start":{"line":32,"column":15},"end":{"line":32,"column":39}}],"line":32},"14":{"loc":{"start":{"line":33,"column":27},"end":{"line":33,"column":37}},"type":"binary-expr","locations":[{"start":{"line":33,"column":27},"end":{"line":33,"column":31}},{"start":{"line":33,"column":35},"end":{"line":33,"column":37}}],"line":33},"15":{"loc":{"start":{"line":34,"column":2},"end":{"line":34,"column":60}},"type":"if","locations":[{"start":{"line":34,"column":2},"end":{"line":34,"column":60}},{"start":{},"end":{}}],"line":34},"16":{"loc":{"start":{"line":37,"column":2},"end":{"line":37,"column":65}},"type":"if","locations":[{"start":{"line":37,"column":2},"end":{"line":37,"column":65}},{"start":{},"end":{}}],"line":37},"17":{"loc":{"start":{"line":37,"column":6},"end":{"line":37,"column":37}},"type":"binary-expr","locations":[{"start":{"line":37,"column":6},"end":{"line":37,"column":10}},{"start":{"line":37,"column":14},"end":{"line":37,"column":37}}],"line":37},"18":{"loc":{"start":{"line":38,"column":2},"end":{"line":38,"column":64}},"type":"if","locations":[{"start":{"line":38,"column":2},"end":{"line":38,"column":64}},{"start":{},"end":{}}],"line":38},"19":{"loc":{"start":{"line":40,"column":2},"end":{"line":42,"column":3}},"type":"if","locations":[{"start":{"line":40,"column":2},"end":{"line":42,"column":3}},{"start":{},"end":{}}],"line":40},"20":{"loc":{"start":{"line":40,"column":6},"end":{"line":40,"column":60}},"type":"binary-expr","locations":[{"start":{"line":40,"column":6},"end":{"line":40,"column":21}},{"start":{"line":40,"column":25},"end":{"line":40,"column":60}}],"line":40},"21":{"loc":{"start":{"line":41,"column":4},"end":{"line":41,"column":67}},"type":"if","locations":[{"start":{"line":41,"column":4},"end":{"line":41,"column":67}},{"start":{},"end":{}}],"line":41},"22":{"loc":{"start":{"line":44,"column":2},"end":{"line":52,"column":3}},"type":"if","locations":[{"start":{"line":44,"column":2},"end":{"line":52,"column":3}},{"start":{},"end":{}}],"line":44},"23":{"loc":{"start":{"line":45,"column":4},"end":{"line":45,"column":72}},"type":"if","locations":[{"start":{"line":45,"column":4},"end":{"line":45,"column":72}},{"start":{},"end":{}}],"line":45},"24":{"loc":{"start":{"line":46,"column":4},"end":{"line":46,"column":88}},"type":"if","locations":[{"start":{"line":46,"column":4},"end":{"line":46,"column":88}},{"start":{},"end":{}}],"line":46},"25":{"loc":{"start":{"line":48,"column":6},"end":{"line":48,"column":71}},"type":"if","locations":[{"start":{"line":48,"column":6},"end":{"line":48,"column":71}},{"start":{},"end":{}}],"line":48},"26":{"loc":{"start":{"line":49,"column":6},"end":{"line":49,"column":96}},"type":"if","locations":[{"start":{"line":49,"column":6},"end":{"line":49,"column":96}},{"start":{},"end":{}}],"line":49},"27":{"loc":{"start":{"line":49,"column":10},"end":{"line":49,"column":62}},"type":"binary-expr","locations":[{"start":{"line":49,"column":10},"end":{"line":49,"column":24}},{"start":{"line":49,"column":28},"end":{"line":49,"column":62}}],"line":49},"28":{"loc":{"start":{"line":50,"column":6},"end":{"line":50,"column":77}},"type":"if","locations":[{"start":{"line":50,"column":6},"end":{"line":50,"column":77}},{"start":{},"end":{}}],"line":50},"29":{"loc":{"start":{"line":58,"column":2},"end":{"line":58,"column":48}},"type":"if","locations":[{"start":{"line":58,"column":2},"end":{"line":58,"column":48}},{"start":{},"end":{}}],"line":58},"30":{"loc":{"start":{"line":58,"column":6},"end":{"line":58,"column":37}},"type":"binary-expr","locations":[{"start":{"line":58,"column":6},"end":{"line":58,"column":10}},{"start":{"line":58,"column":14},"end":{"line":58,"column":37}}],"line":58},"31":{"loc":{"start":{"line":64,"column":2},"end":{"line":64,"column":25}},"type":"if","locations":[{"start":{"line":64,"column":2},"end":{"line":64,"column":25}},{"start":{},"end":{}}],"line":64},"32":{"loc":{"start":{"line":67,"column":2},"end":{"line":74,"column":3}},"type":"if","locations":[{"start":{"line":67,"column":2},"end":{"line":74,"column":3}},{"start":{},"end":{}}],"line":67},"33":{"loc":{"start":{"line":67,"column":6},"end":{"line":67,"column":47}},"type":"binary-expr","locations":[{"start":{"line":67,"column":6},"end":{"line":67,"column":18}},{"start":{"line":67,"column":22},"end":{"line":67,"column":32}},{"start":{"line":67,"column":36},"end":{"line":67,"column":47}}],"line":67},"34":{"loc":{"start":{"line":78,"column":28},"end":{"line":78,"column":43}},"type":"default-arg","locations":[{"start":{"line":78,"column":39},"end":{"line":78,"column":43}}],"line":78}},"s":{"0":9,"1":9,"2":9,"3":9,"4":9,"5":7,"6":0,"7":7,"8":7,"9":0,"10":0,"11":0,"12":0,"13":0,"14":0,"15":0,"16":0,"17":0,"18":0,"19":0,"20":0,"21":0,"22":0,"23":10,"24":1,"25":9,"26":9,"27":0,"28":9,"29":9,"30":1,"31":8,"32":0,"33":8,"34":4,"35":0,"36":8,"37":2,"38":0,"39":2,"40":1,"41":1,"42":2,"43":0,"44":2,"45":0,"46":2,"47":1,"48":6,"49":7,"50":1,"51":6,"52":2,"53":0,"54":2,"55":2,"56":2,"57":2,"58":2,"59":2,"60":1,"61":0,"62":0,"63":0,"64":0,"65":9,"66":9},"f":{"0":7,"1":0,"2":10,"3":7,"4":2,"5":0},"b":{"0":[0,9],"1":[0,9],"2":[0,9],"3":[0,9],"4":[0,7],"5":[7,7],"6":[0,0],"7":[0,0],"8":[0,0],"9":[0,0],"10":[0,0],"11":[0,0],"12":[1,9],"13":[10,9],"14":[9,0],"15":[0,9],"16":[1,8],"17":[9,8],"18":[0,8],"19":[4,4],"20":[8,4],"21":[0,4],"22":[2,6],"23":[0,2],"24":[1,1],"25":[0,2],"26":[0,2],"27":[2,2],"28":[1,1],"29":[1,6],"30":[7,6],"31":[0,2],"32":[2,0],"33":[2,2,2],"34":[0]},"_coverageSchema":"1a1c01bbd47fc00a2c39e90264f33305004495a9","hash":"4ef1a29bdd682930c8343204afb319592bb87a0f"}
}
