TN:
SF:index.js
FN:19,(anonymous_0)
FN:21,(anonymous_1)
FN:31,(anonymous_2)
FN:48,(anonymous_3)
FN:50,(anonymous_4)
FN:67,logEvent
FN:73,(anonymous_6)
FN:148,getGeminiKey
FN:178,sleep
FN:179,(anonymous_9)
FN:182,fetchWithRetry
FN:191,(anonymous_11)
FN:236,checkAndReserveQuota
FN:286,adjustQuotaAfterCall
FN:305,getQuotaStatus
FN:332,checkRateLimit
FN:407,(anonymous_16)
FN:469,(anonymous_17)
FN:483,isReplay
FN:497,(anonymous_19)
FN:502,(anonymous_20)
FN:544,(anonymous_21)
FN:555,(anonymous_22)
FN:634,(anonymous_23)
FN:722,(anonymous_24)
FN:743,(anonymous_25)
FNF:26
FNH:13
FNDA:0,(anonymous_0)
FNDA:11,(anonymous_1)
FNDA:10,(anonymous_2)
FNDA:11,(anonymous_3)
FNDA:11,(anonymous_4)
FNDA:0,logEvent
FNDA:0,(anonymous_6)
FNDA:4,getGeminiKey
FNDA:0,sleep
FNDA:0,(anonymous_9)
FNDA:0,fetchWithRetry
FNDA:0,(anonymous_11)
FNDA:4,checkAndReserveQuota
FNDA:0,adjustQuotaAfterCall
FNDA:0,getQuotaStatus
FNDA:6,checkRateLimit
FNDA:11,(anonymous_16)
FNDA:8,(anonymous_17)
FNDA:7,isReplay
FNDA:0,(anonymous_19)
FNDA:11,(anonymous_20)
FNDA:1,(anonymous_21)
FNDA:6,(anonymous_22)
FNDA:0,(anonymous_23)
FNDA:0,(anonymous_24)
FNDA:0,(anonymous_25)
DA:2,8
DA:4,8
DA:9,8
DA:10,8
DA:11,8
DA:12,8
DA:14,8
DA:15,8
DA:19,8
DA:20,8
DA:23,11
DA:24,0
DA:25,0
DA:26,0
DA:31,10
DA:34,8
DA:35,8
DA:36,0
DA:37,0
DA:38,0
DA:39,0
DA:41,0
DA:43,0
DA:44,0
DA:48,8
DA:49,11
DA:50,11
DA:51,11
DA:52,11
DA:55,11
DA:59,8
DA:60,8
DA:61,8
DA:62,0
DA:64,8
DA:68,0
DA:69,0
DA:70,0
DA:71,0
DA:72,0
DA:73,0
DA:75,0
DA:79,0
DA:80,0
DA:81,0
DA:85,8
DA:86,8
DA:87,8
DA:89,8
DA:90,8
DA:92,8
DA:93,0
DA:94,0
DA:95,0
DA:96,0
DA:98,0
DA:99,0
DA:101,8
DA:103,0
DA:104,0
DA:107,8
DA:108,8
DA:112,0
DA:117,0
DA:120,8
DA:121,8
DA:122,8
DA:123,8
DA:124,0
DA:125,0
DA:126,0
DA:128,0
DA:129,0
DA:133,8
DA:136,8
DA:137,8
DA:138,8
DA:139,8
DA:140,8
DA:141,0
DA:142,0
DA:145,0
DA:149,4
DA:151,4
DA:152,0
DA:153,0
DA:154,0
DA:155,0
DA:156,0
DA:157,0
DA:160,0
DA:165,4
DA:166,4
DA:167,0
DA:168,0
DA:170,4
DA:174,8
DA:175,8
DA:176,8
DA:179,0
DA:183,0
DA:184,0
DA:185,0
DA:186,0
DA:187,0
DA:188,0
DA:190,0
DA:191,0
DA:192,0
DA:193,0
DA:195,0
DA:196,0
DA:197,0
DA:198,0
DA:199,0
DA:201,0
DA:204,0
DA:205,0
DA:206,0
DA:207,0
DA:208,0
DA:209,0
DA:210,0
DA:221,8
DA:224,8
DA:225,8
DA:226,8
DA:229,8
DA:230,8
DA:231,8
DA:234,8
DA:238,4
DA:239,0
DA:240,0
DA:241,0
DA:243,0
DA:244,0
DA:246,0
DA:248,0
DA:250,0
DA:251,0
DA:254,0
DA:255,0
DA:256,0
DA:258,0
DA:260,0
DA:261,0
DA:262,0
DA:264,0
DA:266,0
DA:271,4
DA:272,4
DA:273,4
DA:274,0
DA:275,0
DA:276,0
DA:278,4
DA:279,4
DA:280,4
DA:281,4
DA:282,4
DA:283,4
DA:287,0
DA:288,0
DA:289,0
DA:290,0
DA:291,0
DA:293,0
DA:294,0
DA:296,0
DA:299,0
DA:300,0
DA:301,0
DA:302,0
DA:306,0
DA:307,0
DA:308,0
DA:309,0
DA:310,0
DA:311,0
DA:319,0
DA:322,0
DA:323,0
DA:334,6
DA:335,0
DA:336,0
DA:338,0
DA:339,0
DA:340,0
DA:344,0
DA:345,0
DA:346,0
DA:347,0
DA:351,0
DA:352,0
DA:355,0
DA:358,0
DA:360,0
DA:362,0
DA:363,0
DA:365,0
DA:367,0
DA:368,0
DA:370,0
DA:371,0
DA:374,0
DA:375,0
DA:376,0
DA:379,0
DA:381,0
DA:382,0
DA:387,6
DA:389,6
DA:390,6
DA:391,6
DA:392,6
DA:393,0
DA:394,0
DA:396,6
DA:398,6
DA:399,6
DA:407,8
DA:408,11
DA:409,11
DA:410,11
DA:413,0
DA:416,0
DA:417,0
DA:419,0
DA:420,0
DA:421,0
DA:423,0
DA:424,0
DA:425,0
DA:427,0
DA:430,0
DA:431,0
DA:434,0
DA:437,0
DA:438,0
DA:440,0
DA:441,0
DA:442,0
DA:443,0
DA:448,0
DA:449,0
DA:450,0
DA:451,0
DA:455,0
DA:457,0
DA:458,0
DA:465,8
DA:466,8
DA:467,8
DA:469,8
DA:472,8
DA:476,8
DA:477,8
DA:478,8
DA:480,8
DA:484,7
DA:485,0
DA:486,0
DA:487,0
DA:488,0
DA:489,0
DA:491,0
DA:494,7
DA:495,6
DA:497,6
DA:498,6
DA:499,6
DA:502,8
DA:503,11
DA:504,11
DA:505,10
DA:506,0
DA:507,0
DA:509,10
DA:510,10
DA:511,9
DA:512,9
DA:513,9
DA:514,9
DA:515,9
DA:516,9
DA:517,9
DA:519,8
DA:521,8
DA:522,8
DA:523,8
DA:524,8
DA:525,8
DA:526,7
DA:527,7
DA:531,8
DA:534,7
DA:535,7
DA:537,6
DA:539,0
DA:540,0
DA:544,8
DA:545,1
DA:546,1
DA:547,0
DA:548,0
DA:549,0
DA:551,0
DA:555,8
DA:556,6
DA:557,6
DA:558,6
DA:559,6
DA:560,0
DA:561,0
DA:565,6
DA:566,6
DA:567,6
DA:568,6
DA:570,6
DA:571,6
DA:572,2
DA:576,4
DA:577,4
DA:578,4
DA:579,0
DA:580,0
DA:583,4
DA:584,4
DA:585,4
DA:586,4
DA:590,0
DA:591,0
DA:593,0
DA:595,0
DA:601,0
DA:603,0
DA:609,0
DA:610,0
DA:611,0
DA:612,0
DA:614,0
DA:615,0
DA:616,0
DA:617,0
DA:621,0
DA:622,0
DA:624,0
DA:625,0
DA:627,0
DA:628,0
DA:629,0
DA:634,8
DA:635,0
DA:636,0
DA:637,0
DA:638,0
DA:639,0
DA:640,0
DA:643,0
DA:644,0
DA:645,0
DA:647,0
DA:648,0
DA:650,0
DA:651,0
DA:652,0
DA:653,0
DA:657,0
DA:658,0
DA:659,0
DA:661,0
DA:664,0
DA:665,0
DA:666,0
DA:671,0
DA:672,0
DA:673,0
DA:674,0
DA:675,0
DA:679,0
DA:680,0
DA:681,0
DA:686,0
DA:687,0
DA:688,0
DA:689,0
DA:690,0
DA:691,0
DA:695,0
DA:696,0
DA:697,0
DA:702,0
DA:703,0
DA:704,0
DA:705,0
DA:707,0
DA:711,0
DA:712,0
DA:714,0
DA:716,0
DA:717,0
DA:722,8
DA:723,0
DA:724,0
DA:725,0
DA:726,0
DA:728,0
DA:733,8
DA:734,0
DA:738,8
DA:739,0
DA:740,0
DA:742,0
DA:743,0
DA:747,8
DA:749,8
DA:750,8
DA:753,0
DA:757,8
LF:420
LH:152
BRDA:19,0,0,0
BRDA:19,0,1,8
BRDA:23,1,0,11
BRDA:23,1,1,0
BRDA:24,2,0,0
BRDA:24,2,1,0
BRDA:25,3,0,0
BRDA:25,3,1,0
BRDA:31,4,0,10
BRDA:31,4,1,0
BRDA:31,5,0,10
BRDA:31,5,1,10
BRDA:35,6,0,0
BRDA:35,6,1,8
BRDA:43,7,0,0
BRDA:43,7,1,0
BRDA:67,8,0,0
BRDA:69,9,0,0
BRDA:69,9,1,0
BRDA:75,10,0,0
BRDA:75,10,1,0
BRDA:79,11,0,0
BRDA:79,11,1,0
BRDA:80,12,0,0
BRDA:80,12,1,0
BRDA:89,13,0,8
BRDA:89,13,1,0
BRDA:89,14,0,8
BRDA:89,14,1,8
BRDA:92,15,0,0
BRDA:92,15,1,8
BRDA:98,16,0,0
BRDA:98,16,1,0
BRDA:101,17,0,0
BRDA:101,17,1,8
BRDA:112,18,0,0
BRDA:112,18,1,0
BRDA:122,19,0,8
BRDA:122,19,1,8
BRDA:123,20,0,0
BRDA:123,20,1,8
BRDA:128,21,0,0
BRDA:128,21,1,0
BRDA:138,22,0,8
BRDA:138,22,1,8
BRDA:140,23,0,0
BRDA:140,23,1,8
BRDA:149,24,0,0
BRDA:149,24,1,4
BRDA:151,25,0,0
BRDA:151,25,1,4
BRDA:151,26,0,4
BRDA:151,26,1,0
BRDA:154,27,0,0
BRDA:154,27,1,0
BRDA:154,28,0,0
BRDA:154,28,1,0
BRDA:155,29,0,0
BRDA:155,29,1,0
BRDA:160,30,0,0
BRDA:160,30,1,0
BRDA:165,31,0,4
BRDA:165,31,1,4
BRDA:166,32,0,0
BRDA:166,32,1,4
BRDA:174,33,0,0
BRDA:174,33,1,8
BRDA:175,34,0,0
BRDA:175,34,1,8
BRDA:176,35,0,0
BRDA:176,35,1,8
BRDA:182,36,0,0
BRDA:182,37,0,0
BRDA:190,38,0,0
BRDA:190,38,1,0
BRDA:190,39,0,0
BRDA:190,39,1,0
BRDA:193,40,0,0
BRDA:193,40,1,0
BRDA:204,41,0,0
BRDA:204,41,1,0
BRDA:205,42,0,0
BRDA:205,42,1,0
BRDA:206,43,0,0
BRDA:206,43,1,0
BRDA:229,44,0,0
BRDA:229,44,1,8
BRDA:230,45,0,2
BRDA:230,45,1,6
BRDA:231,46,0,2
BRDA:231,46,1,6
BRDA:236,47,0,0
BRDA:236,48,0,0
BRDA:238,49,0,0
BRDA:238,49,1,4
BRDA:244,50,0,0
BRDA:244,50,1,0
BRDA:248,51,0,0
BRDA:248,51,1,0
BRDA:255,52,0,0
BRDA:255,52,1,0
BRDA:258,53,0,0
BRDA:258,53,1,0
BRDA:266,54,0,0
BRDA:266,54,1,0
BRDA:272,55,0,4
BRDA:272,55,1,4
BRDA:273,56,0,0
BRDA:273,56,1,4
BRDA:278,57,0,0
BRDA:278,57,1,4
BRDA:279,58,0,0
BRDA:279,58,1,4
BRDA:286,59,0,0
BRDA:287,60,0,0
BRDA:287,60,1,0
BRDA:288,61,0,0
BRDA:288,61,1,0
BRDA:296,62,0,0
BRDA:296,62,1,0
BRDA:299,63,0,0
BRDA:299,63,1,0
BRDA:306,64,0,0
BRDA:306,64,1,0
BRDA:312,65,0,0
BRDA:312,65,1,0
BRDA:313,66,0,0
BRDA:313,66,1,0
BRDA:319,67,0,0
BRDA:319,67,1,0
BRDA:322,68,0,0
BRDA:322,68,1,0
BRDA:334,69,0,0
BRDA:334,69,1,6
BRDA:339,70,0,0
BRDA:339,70,1,0
BRDA:346,71,0,0
BRDA:346,71,1,0
BRDA:347,72,0,0
BRDA:347,72,1,0
BRDA:360,73,0,0
BRDA:360,73,1,0
BRDA:367,74,0,0
BRDA:367,74,1,0
BRDA:368,75,0,0
BRDA:368,75,1,0
BRDA:375,76,0,0
BRDA:375,76,1,0
BRDA:381,77,0,0
BRDA:381,77,1,0
BRDA:382,78,0,0
BRDA:382,78,1,0
BRDA:389,79,0,4
BRDA:389,79,1,2
BRDA:390,80,0,4
BRDA:390,80,1,2
BRDA:391,81,0,6
BRDA:391,81,1,4
BRDA:392,82,0,0
BRDA:392,82,1,6
BRDA:410,83,0,11
BRDA:410,83,1,0
BRDA:413,84,0,0
BRDA:413,84,1,0
BRDA:413,85,0,0
BRDA:413,85,1,0
BRDA:420,86,0,0
BRDA:420,86,1,0
BRDA:420,87,0,0
BRDA:420,87,1,0
BRDA:423,88,0,0
BRDA:423,88,1,0
BRDA:424,89,0,0
BRDA:424,89,1,0
BRDA:424,90,0,0
BRDA:424,90,1,0
BRDA:424,90,2,0
BRDA:430,91,0,0
BRDA:430,91,1,0
BRDA:431,92,0,0
BRDA:431,92,1,0
BRDA:434,93,0,0
BRDA:434,93,1,0
BRDA:434,94,0,0
BRDA:434,94,1,0
BRDA:437,95,0,0
BRDA:437,95,1,0
BRDA:437,96,0,0
BRDA:437,96,1,0
BRDA:437,96,2,0
BRDA:443,97,0,0
BRDA:443,97,1,0
BRDA:443,98,0,0
BRDA:443,98,1,0
BRDA:448,99,0,0
BRDA:448,99,1,0
BRDA:448,100,0,0
BRDA:448,100,1,0
BRDA:451,101,0,0
BRDA:451,101,1,0
BRDA:457,102,0,0
BRDA:457,102,1,0
BRDA:465,103,0,8
BRDA:465,103,1,1
BRDA:466,104,0,8
BRDA:466,104,1,8
BRDA:467,105,0,8
BRDA:467,105,1,8
BRDA:472,106,0,0
BRDA:472,106,1,8
BRDA:476,107,0,0
BRDA:476,107,1,8
BRDA:476,108,0,8
BRDA:476,108,1,1
BRDA:477,109,0,8
BRDA:477,109,1,8
BRDA:478,110,0,0
BRDA:478,110,1,8
BRDA:484,111,0,0
BRDA:484,111,1,7
BRDA:487,112,0,0
BRDA:487,112,1,0
BRDA:491,113,0,0
BRDA:491,113,1,0
BRDA:494,114,0,1
BRDA:494,114,1,6
BRDA:498,115,0,6
BRDA:498,115,1,0
BRDA:504,116,0,1
BRDA:504,116,1,10
BRDA:505,117,0,0
BRDA:505,117,1,10
BRDA:505,118,0,10
BRDA:505,118,1,10
BRDA:510,119,0,1
BRDA:510,119,1,9
BRDA:510,120,0,10
BRDA:510,120,1,9
BRDA:512,121,0,0
BRDA:512,121,1,9
BRDA:515,122,0,0
BRDA:515,122,1,9
BRDA:517,123,0,1
BRDA:517,123,1,8
BRDA:519,124,0,8
BRDA:519,124,1,0
BRDA:525,125,0,7
BRDA:525,125,1,0
BRDA:531,126,0,1
BRDA:531,126,1,7
BRDA:535,127,0,1
BRDA:535,127,1,6
BRDA:539,128,0,0
BRDA:539,128,1,0
BRDA:546,129,0,1
BRDA:546,129,1,0
BRDA:551,130,0,0
BRDA:551,130,1,0
BRDA:557,131,0,6
BRDA:557,131,1,0
BRDA:559,132,0,0
BRDA:559,132,1,6
BRDA:566,133,0,0
BRDA:566,133,1,6
BRDA:567,134,0,4
BRDA:567,134,1,2
BRDA:568,135,0,6
BRDA:568,135,1,2
BRDA:568,135,2,0
BRDA:568,135,3,2
BRDA:568,135,4,0
BRDA:571,136,0,2
BRDA:571,136,1,4
BRDA:578,137,0,0
BRDA:578,137,1,4
BRDA:584,138,0,4
BRDA:584,138,1,0
BRDA:590,139,0,0
BRDA:590,139,1,0
BRDA:591,140,0,0
BRDA:591,140,1,0
BRDA:612,141,0,0
BRDA:612,141,1,0
BRDA:616,142,0,0
BRDA:616,142,1,0
BRDA:621,143,0,0
BRDA:621,143,1,0
BRDA:627,144,0,0
BRDA:627,144,1,0
BRDA:628,145,0,0
BRDA:628,145,1,0
BRDA:636,146,0,0
BRDA:636,146,1,0
BRDA:638,147,0,0
BRDA:638,147,1,0
BRDA:644,148,0,0
BRDA:644,148,1,0
BRDA:645,149,0,0
BRDA:645,149,1,0
BRDA:645,149,2,0
BRDA:645,149,3,0
BRDA:645,149,4,0
BRDA:648,150,0,0
BRDA:648,150,1,0
BRDA:651,151,0,0
BRDA:651,151,1,0
BRDA:659,152,0,0
BRDA:659,152,1,0
BRDA:672,153,0,0
BRDA:672,153,1,0
BRDA:673,154,0,0
BRDA:673,154,1,0
BRDA:687,155,0,0
BRDA:687,155,1,0
BRDA:689,156,0,0
BRDA:689,156,1,0
BRDA:703,157,0,0
BRDA:703,157,1,0
BRDA:705,158,0,0
BRDA:705,158,1,0
BRDA:716,159,0,0
BRDA:716,159,1,0
BRDA:724,160,0,0
BRDA:724,160,1,0
BRDA:724,160,2,0
BRDA:733,161,0,0
BRDA:733,161,1,8
BRDA:738,162,0,0
BRDA:738,162,1,8
BRDA:739,163,0,0
BRDA:739,163,1,0
BRDA:739,164,0,0
BRDA:739,164,1,0
BRDA:742,165,0,0
BRDA:742,165,1,0
BRF:335
BRH:97
end_of_record
TN:
SF:utils/parser.js
FN:10,sanitizeRawText
FN:18,sanitizeTemplateHeaders
FN:31,validateRequest
FN:57,estimateTokens
FN:63,extractJsonFromText
FN:78,safeJsonParse
FNF:6
FNH:4
FNDA:7,sanitizeRawText
FNDA:0,sanitizeTemplateHeaders
FNDA:10,validateRequest
FNDA:7,estimateTokens
FNDA:2,extractJsonFromText
FNDA:0,safeJsonParse
DA:4,9
DA:5,9
DA:6,9
DA:7,9
DA:8,9
DA:11,7
DA:14,7
DA:15,7
DA:19,0
DA:20,0
DA:21,0
DA:22,0
DA:23,0
DA:24,0
DA:25,0
DA:26,0
DA:28,0
DA:32,10
DA:33,9
DA:34,9
DA:36,9
DA:37,9
DA:38,8
DA:40,8
DA:41,4
DA:44,8
DA:45,2
DA:46,2
DA:47,1
DA:48,2
DA:49,2
DA:50,2
DA:54,6
DA:58,7
DA:60,6
DA:64,2
DA:65,2
DA:66,2
DA:67,2
DA:68,2
DA:69,2
DA:70,2
DA:72,1
DA:75,0
DA:79,0
DA:80,0
DA:82,0
DA:87,9
DA:89,9
LF:49
LH:36
BRDA:4,0,0,0
BRDA:4,0,1,9
BRDA:5,1,0,0
BRDA:5,1,1,9
BRDA:6,2,0,0
BRDA:6,2,1,9
BRDA:7,3,0,0
BRDA:7,3,1,9
BRDA:11,4,0,0
BRDA:11,4,1,7
BRDA:11,5,0,7
BRDA:11,5,1,7
BRDA:19,6,0,0
BRDA:19,6,1,0
BRDA:22,7,0,0
BRDA:22,7,1,0
BRDA:23,8,0,0
BRDA:23,8,1,0
BRDA:23,9,0,0
BRDA:23,9,1,0
BRDA:24,10,0,0
BRDA:24,10,1,0
BRDA:26,11,0,0
BRDA:26,11,1,0
BRDA:32,12,0,1
BRDA:32,12,1,9
BRDA:32,13,0,10
BRDA:32,13,1,9
BRDA:33,14,0,9
BRDA:33,14,1,0
BRDA:34,15,0,0
BRDA:34,15,1,9
BRDA:37,16,0,1
BRDA:37,16,1,8
BRDA:37,17,0,9
BRDA:37,17,1,8
BRDA:38,18,0,0
BRDA:38,18,1,8
BRDA:40,19,0,4
BRDA:40,19,1,4
BRDA:40,20,0,8
BRDA:40,20,1,4
BRDA:41,21,0,0
BRDA:41,21,1,4
BRDA:44,22,0,2
BRDA:44,22,1,6
BRDA:45,23,0,0
BRDA:45,23,1,2
BRDA:46,24,0,1
BRDA:46,24,1,1
BRDA:48,25,0,0
BRDA:48,25,1,2
BRDA:49,26,0,0
BRDA:49,26,1,2
BRDA:49,27,0,2
BRDA:49,27,1,2
BRDA:50,28,0,1
BRDA:50,28,1,1
BRDA:58,29,0,1
BRDA:58,29,1,6
BRDA:58,30,0,7
BRDA:58,30,1,6
BRDA:64,31,0,0
BRDA:64,31,1,2
BRDA:67,32,0,2
BRDA:67,32,1,0
BRDA:67,33,0,2
BRDA:67,33,1,2
BRDA:67,33,2,2
BRDA:78,34,0,0
BRF:70
BRH:43
end_of_record
