TN:
SF:lib/parser.js
FN:8,sanitizeRawText
FN:14,validateRequest
FN:40,estimateTokensFromText
FN:45,extractJsonFromText
FNF:4
FNH:4
FNDA:1,sanitizeRawText
FNDA:4,validateRequest
FNDA:3,estimateTokensFromText
FNDA:2,extractJsonFromText
DA:2,1
DA:3,1
DA:4,1
DA:5,1
DA:6,1
DA:9,1
DA:10,1
DA:11,1
DA:15,4
DA:16,3
DA:17,3
DA:19,3
DA:20,3
DA:21,2
DA:23,2
DA:24,0
DA:27,2
DA:28,2
DA:29,2
DA:30,1
DA:31,2
DA:32,2
DA:33,2
DA:37,0
DA:41,3
DA:42,2
DA:46,2
DA:47,2
DA:48,2
DA:49,2
DA:50,2
DA:51,2
DA:52,2
DA:54,1
DA:57,0
DA:60,1
LF:36
LH:33
BRDA:2,0,0,0
BRDA:2,0,1,1
BRDA:3,1,0,0
BRDA:3,1,1,1
BRDA:4,2,0,0
BRDA:4,2,1,1
BRDA:5,3,0,0
BRDA:5,3,1,1
BRDA:9,4,0,0
BRDA:9,4,1,1
BRDA:9,5,0,1
BRDA:9,5,1,1
BRDA:15,6,0,1
BRDA:15,6,1,3
BRDA:15,7,0,4
BRDA:15,7,1,3
BRDA:16,8,0,3
BRDA:16,8,1,0
BRDA:17,9,0,0
BRDA:17,9,1,3
BRDA:20,10,0,1
BRDA:20,10,1,2
BRDA:20,11,0,3
BRDA:20,11,1,2
BRDA:21,12,0,0
BRDA:21,12,1,2
BRDA:23,13,0,0
BRDA:23,13,1,2
BRDA:23,14,0,2
BRDA:23,14,1,0
BRDA:24,15,0,0
BRDA:24,15,1,0
BRDA:27,16,0,2
BRDA:27,16,1,0
BRDA:28,17,0,0
BRDA:28,17,1,2
BRDA:29,18,0,1
BRDA:29,18,1,1
BRDA:31,19,0,0
BRDA:31,19,1,2
BRDA:32,20,0,0
BRDA:32,20,1,2
BRDA:32,21,0,2
BRDA:32,21,1,2
BRDA:33,22,0,1
BRDA:33,22,1,1
BRDA:41,23,0,1
BRDA:41,23,1,2
BRDA:41,24,0,3
BRDA:41,24,1,2
BRDA:46,25,0,0
BRDA:46,25,1,2
BRDA:49,26,0,2
BRDA:49,26,1,0
BRDA:49,27,0,2
BRDA:49,27,1,2
BRDA:49,27,2,2
BRF:57
BRH:39
end_of_record
